============================= test session starts =============================
platform win32 -- Python 3.14.0, pytest-8.4.2, pluggy-1.6.0
rootdir: C:\Users\User\OneDrive\Documents\GitHub\arifOS
configfile: pyproject.toml
testpaths: tests
plugins: anyio-4.11.0, asyncio-1.3.0, cov-7.0.0
asyncio: mode=Mode.STRICT, debug=False, asyncio_default_fixture_loop_scope=None, asyncio_default_test_loop_scope=function
collected 2605 items / 2 errors

=================================== ERRORS ====================================
________ ERROR collecting tests/integration/test_failover_pipeline.py _________
ImportError while importing test module 'C:\Users\User\OneDrive\Documents\GitHub\arifOS\tests\integration\test_failover_pipeline.py'.
Hint: make sure your test modules/packages have valid Python names.
Traceback:
..\..\..\..\AppData\Local\Programs\Python\Python314\Lib\importlib\__init__.py:88: in import_module
    return _bootstrap._gcd_import(name[level:], package, level)
           ^^^^^^^^^^^^^^^^^^^^^^^^^^^^^^^^^^^^^^^^^^^^^^^^^^^^
tests\integration\test_failover_pipeline.py:21: in <module>
    from arifos_core.connectors.failover_orchestrator import (
arifos_core\connectors\failover_orchestrator.py:46: in <module>
    from ..adapters.llm_sealion import make_llm_generate_governed as make_sealion_generate
E   ImportError: cannot import name 'make_llm_generate_governed' from 'arifos_core.adapters.llm_sealion' (C:\Users\User\OneDrive\Documents\GitHub\arifOS\arifos_core\adapters\llm_sealion.py)
____________ ERROR collecting tests/test_failover_orchestrator.py _____________
ImportError while importing test module 'C:\Users\User\OneDrive\Documents\GitHub\arifOS\tests\test_failover_orchestrator.py'.
Hint: make sure your test modules/packages have valid Python names.
Traceback:
..\..\..\..\AppData\Local\Programs\Python\Python314\Lib\importlib\__init__.py:88: in import_module
    return _bootstrap._gcd_import(name[level:], package, level)
           ^^^^^^^^^^^^^^^^^^^^^^^^^^^^^^^^^^^^^^^^^^^^^^^^^^^^
tests\test_failover_orchestrator.py:15: in <module>
    from arifos_core.connectors.failover_orchestrator import (
arifos_core\connectors\failover_orchestrator.py:46: in <module>
    from ..adapters.llm_sealion import make_llm_generate_governed as make_sealion_generate
E   ImportError: cannot import name 'make_llm_generate_governed' from 'arifos_core.adapters.llm_sealion' (C:\Users\User\OneDrive\Documents\GitHub\arifOS\arifos_core\adapters\llm_sealion.py)
============================== warnings summary ===============================
arifos_core\evidence\evidence_pack.py:52
  C:\Users\User\OneDrive\Documents\GitHub\arifOS\arifos_core\evidence\evidence_pack.py:52: PydanticDeprecatedSince20: Pydantic V1 style `@validator` validators are deprecated. You should migrate to Pydantic V2 style `@field_validator` validators, see the migration guide for more details. Deprecated in Pydantic V2.0 to be removed in V3.0. See Pydantic V2 Migration Guide at https://errors.pydantic.dev/2.12/migration/
    @validator("query_hash")

arifos_core\evidence\evidence_pack.py:58
  C:\Users\User\OneDrive\Documents\GitHub\arifOS\arifos_core\evidence\evidence_pack.py:58: PydanticDeprecatedSince20: Pydantic V1 style `@validator` validators are deprecated. You should migrate to Pydantic V2 style `@field_validator` validators, see the migration guide for more details. Deprecated in Pydantic V2.0 to be removed in V3.0. See Pydantic V2 Migration Guide at https://errors.pydantic.dev/2.12/migration/
    @validator("hash_chain_provenance", each_item=True)

arifos_core\evidence\evidence_pack.py:64
  C:\Users\User\OneDrive\Documents\GitHub\arifOS\arifos_core\evidence\evidence_pack.py:64: PydanticDeprecatedSince20: Pydantic V1 style `@validator` validators are deprecated. You should migrate to Pydantic V2 style `@field_validator` validators, see the migration guide for more details. Deprecated in Pydantic V2.0 to be removed in V3.0. See Pydantic V2 Migration Guide at https://errors.pydantic.dev/2.12/migration/
    @validator("source_uris")

..\..\..\..\AppData\Local\Programs\Python\Python314\Lib\site-packages\litellm\litellm_core_utils\logging_utils.py:273: 17 warnings
  C:\Users\User\AppData\Local\Programs\Python\Python314\Lib\site-packages\litellm\litellm_core_utils\logging_utils.py:273: DeprecationWarning: 'asyncio.iscoroutinefunction' is deprecated and slated for removal in Python 3.16; use inspect.iscoroutinefunction() instead
    if asyncio.iscoroutinefunction(func):

-- Docs: https://docs.pytest.org/en/stable/how-to/capture-warnings.html
=========================== short test summary info ===========================
ERROR tests/integration/test_failover_pipeline.py
ERROR tests/test_failover_orchestrator.py
!!!!!!!!!!!!!!!!!!! Interrupted: 2 errors during collection !!!!!!!!!!!!!!!!!!!
======================= 20 warnings, 2 errors in 16.21s =======================
