============================= test session starts =============================
platform win32 -- Python 3.13.3, pytest-9.0.2, pluggy-1.6.0 -- C:\Users\User\arifOS\.venv\Scripts\python.exe
cachedir: C:\Users\User\AppData\Local\Temp\pytest_cache
rootdir: C:\Users\User\arifOS
configfile: pyproject.toml
plugins: anyio-4.12.1, asyncio-1.3.0
asyncio: mode=Mode.AUTO, debug=False, asyncio_default_fixture_loop_scope=None, asyncio_default_test_loop_scope=function
collecting ... collected 69 items

tests/aclip_cai/test_console_tools.py::test_system_health_basic FAILED   [  1%]
tests/aclip_cai/test_console_tools.py::test_system_health_with_swap FAILED [  2%]
tests/aclip_cai/test_console_tools.py::test_system_health_no_swap FAILED [  4%]
tests/aclip_cai/test_console_tools.py::test_process_list_basic FAILED    [  5%]
tests/aclip_cai/test_console_tools.py::test_process_list_filter FAILED   [  7%]
tests/aclip_cai/test_console_tools.py::test_process_list_cpu_threshold FAILED [  8%]
tests/aclip_cai/test_console_tools.py::test_fs_inspect_directory PASSED  [ 10%]
tests/aclip_cai/test_console_tools.py::test_fs_inspect_pattern PASSED    [ 11%]
tests/aclip_cai/test_console_tools.py::test_fs_inspect_nonexistent PASSED [ 13%]
tests/aclip_cai/test_console_tools.py::test_log_tail_basic PASSED        [ 14%]
tests/aclip_cai/test_console_tools.py::test_log_tail_nonexistent PASSED  [ 15%]
tests/aclip_cai/test_console_tools.py::test_log_tail_grep PASSED         [ 17%]
tests/aclip_cai/test_console_tools.py::test_net_status_basic PASSED      [ 18%]
tests/aclip_cai/test_console_tools.py::test_net_status_with_ping PASSED  [ 20%]
tests/aclip_cai/test_console_tools.py::test_config_flags_env PASSED      [ 21%]
tests/aclip_cai/test_console_tools.py::test_config_flags_file PASSED     [ 23%]
tests/aclip_cai/test_console_tools.py::test_config_flags_secrets_masked PASSED [ 24%]
tests/aclip_cai/test_console_tools.py::test_cost_estimator_llm PASSED    [ 26%]
tests/aclip_cai/test_console_tools.py::test_cost_estimator_storage PASSED [ 27%]
tests/aclip_cai/test_console_tools.py::test_cost_estimator_compute PASSED [ 28%]
tests/aclip_cai/test_console_tools.py::test_forge_guard_low_risk PASSED  [ 30%]
tests/aclip_cai/test_console_tools.py::test_forge_guard_high_risk PASSED [ 31%]
tests/aclip_cai/test_console_tools.py::test_forge_guard_critical_risk PASSED [ 33%]
tests/aclip_cai/test_console_tools.py::test_forge_guard_dangerous_pattern PASSED [ 34%]
tests/aclip_cai/test_console_tools.py::test_all_tools_latency PASSED     [ 36%]
tests/aclip_cai/test_console_tools.py::test_response_format_consistency PASSED [ 37%]
tests/aclip_cai/test_floors.py::test_injection_gives_void PASSED         [ 39%]
tests/aclip_cai/test_floors.py::test_consciousness_claim_void PASSED     [ 40%]
tests/aclip_cai/test_floors.py::test_destructive_without_backup_hold PASSED [ 42%]
tests/aclip_cai/test_floors.py::test_math_axiom_passes_f2 PASSED         [ 43%]
tests/aclip_cai/test_floors.py::test_slur_degrades_verdict PASSED        [ 44%]
tests/aclip_cai/test_floors.py::test_clean_action_seal PASSED            [ 46%]
tests/aclip_cai/test_floors.py::test_pass_rate_in_range PASSED           [ 47%]
tests/aclip_cai/test_floors.py::test_recommendation_on_failure PASSED    [ 49%]
tests/aclip_cai/test_lifecycle.py::test_init_session_active PASSED       [ 50%]
tests/aclip_cai/test_lifecycle.py::test_injection_triggers_void PASSED   [ 52%]
tests/aclip_cai/test_lifecycle.py::test_hold_888_transition PASSED       [ 53%]
tests/aclip_cai/test_lifecycle.py::test_sabar_transition PASSED          [ 55%]
tests/aclip_cai/test_lifecycle.py::test_void_is_terminal PASSED          [ 56%]
tests/aclip_cai/test_lifecycle.py::test_get_session PASSED               [ 57%]
tests/aclip_cai/test_lifecycle.py::test_unknown_session_returns_none PASSED [ 59%]
tests/aclip_cai/test_mcp_bridge.py::test_mcp_bridge_system_health FAILED [ 60%]
tests/aclip_cai/test_mcp_bridge.py::test_mcp_bridge_process_list FAILED  [ 62%]
tests/aclip_cai/test_mcp_bridge.py::test_mcp_bridge_forge_guard_constitutional FAILED [ 63%]
tests/aclip_cai/test_mcp_bridge.py::test_mcp_bridge_forge_guard_blocks_dangerous FAILED [ 65%]
tests/aclip_cai/test_mcp_bridge.py::test_register_aclip_tools PASSED     [ 66%]
tests/aclip_cai/test_mcp_bridge.py::test_mcp_response_structure FAILED   [ 68%]
tests/aclip_cai/test_phase1_c2_c3.py::test_fs_inspect_depth_and_hidden PASSED [ 69%]
tests/aclip_cai/test_phase1_c2_c3.py::test_fs_inspect_max_depth_alias PASSED [ 71%]
tests/aclip_cai/test_phase1_c2_c3.py::test_log_tail_since_minutes_filter PASSED [ 72%]
tests/aclip_cai/test_phase1_c2_c3.py::test_log_tail_pattern_alias_and_log_path_alias PASSED [ 73%]
tests/aclip_cai/test_phase2_c4_c5.py::test_net_status_check_ports_alias PASSED [ 75%]
tests/aclip_cai/test_phase2_c4_c5.py::test_net_status_check_connections_path PASSED [ 76%]
tests/aclip_cai/test_phase2_c4_c5.py::test_config_flags_unsupported_file_type_no_raw PASSED [ 78%]
tests/aclip_cai/test_phase2_c4_c5.py::test_config_flags_mode_and_feature_flags PASSED [ 79%]
tests/aclip_cai/test_phase3_c7_c8.py::test_cost_estimator_thermodynamic_output PASSED [ 81%]
tests/aclip_cai/test_phase3_c7_c8.py::test_forge_guard_cost_threshold_sabar PASSED [ 82%]
tests/aclip_cai/test_phase3_c7_c8.py::test_forge_guard_forbidden_pattern_void_local PASSED [ 84%]
tests/aclip_cai/test_thermo.py::test_snapshot_defaults PASSED            [ 85%]
tests/aclip_cai/test_thermo.py::test_genius_passes_on_good_metrics PASSED [ 86%]
tests/aclip_cai/test_thermo.py::test_energy_decays_over_steps PASSED     [ 88%]
tests/aclip_cai/test_thermo.py::test_delta_s_accumulates PASSED          [ 89%]
tests/aclip_cai/test_thermo.py::test_genius_fails_with_bad_exploration PASSED [ 91%]
tests/aclip_cai/test_thermo.py::test_separate_sessions_independent PASSED [ 92%]
tests/aclip_cai/test_vault.py::test_log_decision_writes_record PASSED    [ 94%]
tests/aclip_cai/test_vault.py::test_seal_hash_computed PASSED            [ 95%]
tests/aclip_cai/test_vault.py::test_consensus_score PASSED               [ 97%]
tests/aclip_cai/test_vault.py::test_consensus_below_threshold_is_detectable PASSED [ 98%]
tests/aclip_cai/test_vault.py::test_multiple_records_appended PASSED     [100%]

================================== FAILURES ===================================
E   AssertionError: assert 'error' == 'ok'
      
      - ok
      + error
c:\Users\User\arifOS\tests\aclip_cai\test_console_tools.py:41: AssertionError: assert 'error' == 'ok'
E   AssertionError: assert 'error' == 'ok'
      
      - ok
      + error
c:\Users\User\arifOS\tests\aclip_cai\test_console_tools.py:54: AssertionError: assert 'error' == 'ok'
E   AssertionError: assert 'error' == 'ok'
      
      - ok
      + error
c:\Users\User\arifOS\tests\aclip_cai\test_console_tools.py:63: AssertionError: assert 'error' == 'ok'
E   AssertionError: assert 'error' == 'ok'
      
      - ok
      + error
c:\Users\User\arifOS\tests\aclip_cai\test_console_tools.py:78: AssertionError: assert 'error' == 'ok'
E   AssertionError: assert 'error' == 'ok'
      
      - ok
      + error
c:\Users\User\arifOS\tests\aclip_cai\test_console_tools.py:89: AssertionError: assert 'error' == 'ok'
E   AssertionError: assert 'error' == 'ok'
      
      - ok
      + error
c:\Users\User\arifOS\tests\aclip_cai\test_console_tools.py:99: AssertionError: assert 'error' == 'ok'
E   AssertionError: assert 'aclip_system_health' == 'system_health'
      
      - system_health
      + aclip_system_health
      ? ++++++
c:\Users\User\arifOS\tests\aclip_cai\test_mcp_bridge.py:32: AssertionError: assert 'aclip_system_health' == 'system_health'
E   AssertionError: assert 'aclip_process_list' == 'process_list'
      
      - process_list
      + aclip_process_list
      ? ++++++
c:\Users\User\arifOS\tests\aclip_cai\test_mcp_bridge.py:45: AssertionError: assert 'aclip_process_list' == 'process_list'
E   AssertionError: assert 'aclip_forge_guard' == 'forge_guard'
      
      - forge_guard
      + aclip_forge_guard
      ? ++++++
c:\Users\User\arifOS\tests\aclip_cai\test_mcp_bridge.py:58: AssertionError: assert 'aclip_forge_guard' == 'forge_guard'
E   KeyError: 'verdict'
c:\Users\User\arifOS\tests\aclip_cai\test_mcp_bridge.py:76: KeyError: 'verdict'
E   AssertionError: Missing field: status
    assert 'status' in {'data': {'data': {}, 'error': "module 'psutil' has no attribute 'cpu_count'", 'latency_ms': 0.01, 'status': 'error', ...}, 'failed_floors': [], 'motto': 'DITEMPA BUKAN DIBERI 🔥', 'pass_rate': 0.8, ...}
c:\Users\User\arifOS\tests\aclip_cai\test_mcp_bridge.py:101: AssertionError: Missing field: status
=========================== short test summary info ===========================
FAILED tests/aclip_cai/test_console_tools.py::test_system_health_basic - Asse...
FAILED tests/aclip_cai/test_console_tools.py::test_system_health_with_swap - ...
FAILED tests/aclip_cai/test_console_tools.py::test_system_health_no_swap - As...
FAILED tests/aclip_cai/test_console_tools.py::test_process_list_basic - Asser...
FAILED tests/aclip_cai/test_console_tools.py::test_process_list_filter - Asse...
FAILED tests/aclip_cai/test_console_tools.py::test_process_list_cpu_threshold
FAILED tests/aclip_cai/test_mcp_bridge.py::test_mcp_bridge_system_health - As...
FAILED tests/aclip_cai/test_mcp_bridge.py::test_mcp_bridge_process_list - Ass...
FAILED tests/aclip_cai/test_mcp_bridge.py::test_mcp_bridge_forge_guard_constitutional
FAILED tests/aclip_cai/test_mcp_bridge.py::test_mcp_bridge_forge_guard_blocks_dangerous
FAILED tests/aclip_cai/test_mcp_bridge.py::test_mcp_response_structure - Asse...
======================= 11 failed, 58 passed in 33.83s ========================
