============================= test session starts =============================
platform win32 -- Python 3.14.0, pytest-8.4.2, pluggy-1.6.0 -- C:\Users\User\AppData\Local\Programs\Python\Python314\python.exe
cachedir: .pytest_cache
rootdir: c:\Users\User\OneDrive\Documents\GitHub\arifOS
configfile: pyproject.toml
testpaths: tests
plugins: anyio-4.11.0, asyncio-1.3.0, cov-7.0.0
asyncio: mode=Mode.STRICT, debug=False, asyncio_default_fixture_loop_scope=None, asyncio_default_test_loop_scope=function
collecting ... collected 2581 items

tests/evidence/test_atomic_ingestion.py::test_atomic_reject_incomplete_pack PASSED [  0%]
tests/evidence/test_atomic_ingestion.py::test_coverage_gate_blocks_seal PASSED [  0%]
tests/evidence/test_atomic_ingestion.py::test_source_uris_never_cross_firewall PASSED [  0%]
tests/evidence/test_atomic_ingestion.py::test_hash_chain_strictness PASSED [  0%]
tests/evidence/test_conflict_routing.py::test_high_conflict_hold_888 PASSED [  0%]
tests/evidence/test_conflict_routing.py::test_incomplete_coverage_partial PASSED [  0%]
tests/evidence/test_conflict_routing.py::test_stale_evidence_decay PASSED [  0%]
tests/evidence/test_conflict_routing.py::test_perfect_seal PASSED        [  0%]
tests/evidence/test_evidence_pack.py::test_evidence_pack_hash_determinism PASSED [  0%]
tests/evidence/test_evidence_pack.py::test_evidence_pack_hash_sensitivity PASSED [  0%]
tests/evidence/test_evidence_pack.py::test_range_validation PASSED       [  0%]
tests/governance/test_merkle_ledger.py::test_ledger_append_consistency PASSED [  0%]
tests/governance/test_merkle_ledger.py::test_integrity_check_pass PASSED [  0%]
tests/governance/test_merkle_ledger.py::test_tamper_detection_chain_break PASSED [  0%]
tests/governance/test_merkle_ledger.py::test_tamper_detection_root_mismatch PASSED [  0%]
tests/governance/test_proof_of_governance.py::test_seal_receipt_determinism PASSED [  0%]
tests/governance/test_proof_of_governance.py::test_signature_verifies PASSED [  0%]
tests/governance/test_proof_of_governance.py::test_t4_only_signing_rule PASSED [  0%]
tests/governance/test_proof_of_governance.py::test_no_semantic_leak_into_receipt PASSED [  0%]
tests/governance/test_signatures.py::test_sign_and_verify PASSED         [  0%]
tests/governance/test_signatures.py::test_verify_failure_bad_sig PASSED  [  0%]
tests/governance/test_signatures.py::test_verify_failure_bad_msg PASSED  [  0%]
tests/integration/test_memory_band_routing_v38.py::TestSealRouting::test_seal_routes_to_ledger PASSED [  0%]
tests/integration/test_memory_band_routing_v38.py::TestSealRouting::test_seal_routes_to_active PASSED [  0%]
tests/integration/test_memory_band_routing_v38.py::TestSealRouting::test_seal_writes_to_both_bands SKIPPED [  0%]
tests/integration/test_memory_band_routing_v38.py::TestSealRouting::test_seal_creates_canonical_memory PASSED [  1%]
tests/integration/test_memory_band_routing_v38.py::TestSabarRouting::test_sabar_routes_to_pending_and_ledger PASSED [  1%]
tests/integration/test_memory_band_routing_v38.py::TestSabarRouting::test_sabar_logs_failure_reason PASSED [  1%]
tests/integration/test_memory_band_routing_v38.py::TestSabarRouting::test_sabar_is_canonical PASSED [  1%]
tests/integration/test_memory_band_routing_v38.py::TestPartialRouting::test_partial_routes_to_phoenix PASSED [  1%]
tests/integration/test_memory_band_routing_v38.py::TestPartialRouting::test_partial_routes_to_ledger PASSED [  1%]
tests/integration/test_memory_band_routing_v38.py::TestPartialRouting::test_partial_not_canonical_until_sealed PASSED [  1%]
tests/integration/test_memory_band_routing_v38.py::TestPartialRouting::test_partial_creates_amendment_proposal SKIPPED [  1%]
tests/integration/test_memory_band_routing_v38.py::TestVoidRouting::test_void_routes_only_to_void_band PASSED [  1%]
tests/integration/test_memory_band_routing_v38.py::TestVoidRouting::test_void_not_in_ledger PASSED [  1%]
tests/integration/test_memory_band_routing_v38.py::TestVoidRouting::test_void_not_in_active PASSED [  1%]
tests/integration/test_memory_band_routing_v38.py::TestVoidRouting::test_void_never_canonical PASSED [  1%]
tests/integration/test_memory_band_routing_v38.py::TestVoidRouting::test_void_auto_delete_after_90_days PASSED [  1%]
tests/integration/test_memory_band_routing_v38.py::TestHoldRouting::test_hold_routes_to_ledger PASSED [  1%]
tests/integration/test_memory_band_routing_v38.py::TestHoldRouting::test_hold_requires_human_approval PASSED [  1%]
tests/integration/test_memory_band_routing_v38.py::TestHoldRouting::test_hold_logged_for_audit PASSED [  1%]
tests/integration/test_memory_band_routing_v38.py::TestRetentionLifecycle::test_vault_is_permanent PASSED [  1%]
tests/integration/test_memory_band_routing_v38.py::TestRetentionLifecycle::test_ledger_is_warm_365_days PASSED [  1%]
tests/integration/test_memory_band_routing_v38.py::TestRetentionLifecycle::test_active_is_hot_7_days PASSED [  1%]
tests/integration/test_memory_band_routing_v38.py::TestRetentionLifecycle::test_phoenix_is_warm_90_days PASSED [  1%]
tests/integration/test_memory_band_routing_v38.py::TestRetentionLifecycle::test_witness_is_warm_30_days PASSED [  1%]
tests/integration/test_memory_band_routing_v38.py::TestRetentionLifecycle::test_void_is_void_tier_90_days PASSED [  1%]
tests/integration/test_memory_band_routing_v38.py::TestRetentionLifecycle::test_retention_manager_can_process_expired PASSED [  1%]
tests/integration/test_memory_band_routing_v38.py::TestRetentionLifecycle::test_hot_to_warm_transition PASSED [  1%]
tests/integration/test_memory_band_routing_v38.py::TestScarToPhoenixConversion::test_scars_written_to_witness_band SKIPPED [  1%]
tests/integration/test_memory_band_routing_v38.py::TestScarToPhoenixConversion::test_witness_band_not_canonical PASSED [  1%]
tests/integration/test_memory_band_routing_v38.py::TestScarToPhoenixConversion::test_phoenix_proposals_can_reference_scars SKIPPED [  2%]
tests/integration/test_memory_band_routing_v38.py::TestLedgerMerkleChain::test_ledger_creates_hash_chain PASSED [  2%]
tests/integration/test_memory_band_routing_v38.py::TestLedgerMerkleChain::test_hash_chain_continuity PASSED [  2%]
tests/integration/test_memory_band_routing_v38.py::TestLedgerMerkleChain::test_merkle_root_computation PASSED [  2%]
tests/integration/test_memory_band_routing_v38.py::TestLedgerMerkleChain::test_merkle_proof_generation PASSED [  2%]
tests/integration/test_memory_band_routing_v38.py::TestLedgerMerkleChain::test_ledger_is_append_only PASSED [  2%]
tests/integration/test_memory_band_routing_v38.py::TestMultiBandWriteCoordination::test_seal_writes_atomically_to_both_bands SKIPPED [  2%]
tests/integration/test_memory_band_routing_v38.py::TestMultiBandWriteCoordination::test_partial_writes_to_phoenix_and_ledger SKIPPED [  2%]
tests/integration/test_memory_band_routing_v38.py::TestMultiBandWriteCoordination::test_void_writes_only_to_void SKIPPED [  2%]
tests/integration/test_memory_eureka_comprehensive_v38.py::TestEndToEndMemoryWriteFlow::test_seal_verdict_full_flow PASSED [  2%]
tests/integration/test_memory_eureka_comprehensive_v38.py::TestEndToEndMemoryWriteFlow::test_void_verdict_full_flow PASSED [  2%]
tests/integration/test_memory_eureka_comprehensive_v38.py::TestEndToEndMemoryWriteFlow::test_partial_verdict_full_flow PASSED [  2%]
tests/integration/test_memory_eureka_comprehensive_v38.py::TestMultiBandWriteConsistency::test_seal_writes_same_content_to_both_bands PASSED [  2%]
tests/integration/test_memory_eureka_comprehensive_v38.py::TestMultiBandWriteConsistency::test_verdict_mismatch_detection PASSED [  2%]
tests/integration/test_memory_eureka_comprehensive_v38.py::TestEvidenceChainHashVerification::test_hash_integrity_verification PASSED [  2%]
tests/integration/test_memory_eureka_comprehensive_v38.py::TestEvidenceChainHashVerification::test_tampered_evidence_detection PASSED [  2%]
tests/integration/test_memory_eureka_comprehensive_v38.py::TestEvidenceChainHashVerification::test_evidence_chain_validation_detects_tampering PASSED [  2%]
tests/integration/test_memory_eureka_comprehensive_v38.py::TestAuthorityBoundaryEnforcement::test_ai_cannot_modify_vault PASSED [  2%]
tests/integration/test_memory_eureka_comprehensive_v38.py::TestAuthorityBoundaryEnforcement::test_human_can_seal_to_vault PASSED [  2%]
tests/integration/test_memory_eureka_comprehensive_v38.py::TestAuthorityBoundaryEnforcement::test_ai_cannot_seal_phoenix_amendments PASSED [  2%]
tests/integration/test_memory_eureka_comprehensive_v38.py::TestAuthorityBoundaryEnforcement::test_all_ai_writers_blocked_from_vault PASSED [  2%]
tests/integration/test_memory_eureka_comprehensive_v38.py::TestCrossLayerIntegration::test_sense_to_judge_integration PASSED [  2%]
tests/integration/test_memory_eureka_comprehensive_v38.py::TestCrossLayerIntegration::test_judge_to_seal_integration PASSED [  2%]
tests/integration/test_memory_eureka_comprehensive_v38.py::TestCrossLayerIntegration::test_scars_to_phoenix_integration PASSED [  2%]
tests/integration/test_memory_eureka_comprehensive_v38.py::TestMemoryImmutabilityEnforcement::test_vault_is_immutable PASSED [  2%]
tests/integration/test_memory_eureka_comprehensive_v38.py::TestMemoryImmutabilityEnforcement::test_ledger_is_immutable PASSED [  2%]
tests/integration/test_memory_eureka_comprehensive_v38.py::TestMemoryImmutabilityEnforcement::test_active_is_mutable PASSED [  3%]
tests/integration/test_memory_eureka_comprehensive_v38.py::TestMemoryImmutabilityEnforcement::test_phoenix_is_mutable_until_sealed PASSED [  3%]
tests/integration/test_memory_eureka_comprehensive_v38.py::TestVerdictConsistency::test_seal_verdict_always_canonical PASSED [  3%]
tests/integration/test_memory_eureka_comprehensive_v38.py::TestVerdictConsistency::test_void_verdict_never_canonical PASSED [  3%]
tests/integration/test_memory_eureka_comprehensive_v38.py::TestVerdictConsistency::test_verdict_matches_floor_scores PASSED [  3%]
tests/integration/test_memory_eureka_comprehensive_v38.py::TestErrorHandlingAndRecovery::test_invalid_verdict_handling PASSED [  3%]
tests/integration/test_memory_eureka_comprehensive_v38.py::TestErrorHandlingAndRecovery::test_missing_evidence_chain_handling PASSED [  3%]
tests/integration/test_memory_eureka_comprehensive_v38.py::TestErrorHandlingAndRecovery::test_empty_floor_checks_handling PASSED [  3%]
tests/integration/test_memory_floor_integration.py::TestAuthorityBoundaryEnforcement::test_human_can_write_to_vault PASSED [  3%]
tests/integration/test_memory_floor_integration.py::TestAuthorityBoundaryEnforcement::test_ai_cannot_write_to_vault PASSED [  3%]
tests/integration/test_memory_floor_integration.py::TestAuthorityBoundaryEnforcement::test_888_judge_requires_human_approval_for_vault PASSED [  3%]
tests/integration/test_memory_floor_integration.py::TestAuthorityBoundaryEnforcement::test_888_judge_with_approval_can_write_vault PASSED [  3%]
tests/integration/test_memory_floor_integration.py::TestAuthorityBoundaryEnforcement::test_ai_cannot_seal_amendments PASSED [  3%]
tests/integration/test_memory_floor_integration.py::TestAuthorityBoundaryEnforcement::test_human_can_seal_amendments PASSED [  3%]
tests/integration/test_memory_floor_integration.py::TestAuthorityBoundaryEnforcement::test_ai_cannot_self_modify_constitution PASSED [  3%]
tests/integration/test_memory_floor_integration.py::TestAuthorityBoundaryEnforcement::test_authority_boundary_regression PASSED [  3%]
tests/integration/test_memory_floor_integration.py::TestScarDetectionOnFloorViolations::test_floor_violation_detection PASSED [  3%]
tests/integration/test_memory_floor_integration.py::TestScarDetectionOnFloorViolations::test_void_verdict_creates_scar PASSED [  3%]
tests/integration/test_memory_floor_integration.py::TestScarDetectionOnFloorViolations::test_sabar_verdict_creates_scar PASSED [  3%]
tests/integration/test_memory_floor_integration.py::TestScarDetectionOnFloorViolations::test_harm_pattern_detection PASSED [  3%]
tests/integration/test_memory_floor_integration.py::TestScarDetectionOnFloorViolations::test_severity_computation PASSED [  3%]
tests/integration/test_memory_floor_integration.py::TestCrossSessionMemoryRecall::test_vault_required_for_constitutional_topics PASSED [  3%]
tests/integration/test_memory_floor_integration.py::TestCrossSessionMemoryRecall::test_vault_not_required_for_general_queries PASSED [  3%]
tests/integration/test_memory_floor_integration.py::TestCrossSessionMemoryRecall::test_recall_confidence_has_ceiling PASSED [  3%]
tests/integration/test_memory_floor_integration.py::TestCrossSessionMemoryRecall::test_recall_context_creation PASSED [  3%]
tests/integration/test_memory_floor_integration.py::TestCrossSessionMemoryRecall::test_sense_integration_initialization PASSED [  3%]
tests/integration/test_memory_floor_integration.py::TestSealFinalizationFlow::test_888_hold_requires_approval PASSED [  4%]
tests/integration/test_memory_floor_integration.py::TestSealFinalizationFlow::test_void_verdict_status PASSED [  4%]
tests/integration/test_memory_floor_integration.py::TestSealFinalizationFlow::test_seal_integration_initialization PASSED [  4%]
tests/integration/test_memory_floor_integration.py::TestEvidenceHashComputation::test_different_content_different_hash PASSED [  4%]
tests/integration/test_memory_floor_integration.py::TestEvidenceHashComputation::test_hash_is_valid_sha256 PASSED [  4%]
tests/integration/test_memory_floor_integration.py::TestJudgeIntegration::test_judge_integration_initialization PASSED [  4%]
tests/integration/test_memory_floor_integration.py::TestJudgeIntegration::test_judge_context_creation PASSED [  4%]
tests/integration/test_memory_floor_integration.py::TestJudgeIntegration::test_judge_can_compute_evidence_hash PASSED [  4%]
tests/integration/test_memory_floor_integration.py::TestMemoryWritePolicy::test_void_verdict_not_canonical PASSED [  4%]
tests/integration/test_memory_floor_integration.py::TestMemoryWritePolicy::test_void_verdict_can_write_to_void_band PASSED [  4%]
tests/integration/test_memory_floor_integration.py::TestMemoryWritePolicy::test_sabar_routing PASSED [  4%]
tests/integration/test_memory_floor_integration.py::TestEvidenceChainValidation::test_valid_evidence_chain_passes PASSED [  4%]
tests/integration/test_memory_floor_integration.py::TestEvidenceChainValidation::test_missing_floor_checks_fails PASSED [  4%]
tests/integration/test_memory_floor_integration.py::TestEvidenceChainValidation::test_missing_hash_fails PASSED [  4%]
tests/integration/test_memory_floor_integration.py::TestIntegrationModuleImports::test_memory_sense_imports PASSED [  4%]
tests/integration/test_memory_floor_integration.py::TestIntegrationModuleImports::test_memory_judge_imports PASSED [  4%]
tests/integration/test_memory_floor_integration.py::TestIntegrationModuleImports::test_memory_scars_imports PASSED [  4%]
tests/integration/test_memory_floor_integration.py::TestIntegrationModuleImports::test_memory_seal_imports PASSED [  4%]
tests/integration/test_memory_integration_v38_eureka.py::TestVerdictRoutingToBands::test_seal_verdict_routes_to_ledger_and_active PASSED [  4%]
tests/integration/test_memory_integration_v38_eureka.py::TestVerdictRoutingToBands::test_sabar_verdict_routes_to_pending_and_ledger PASSED [  4%]
tests/integration/test_memory_integration_v38_eureka.py::TestVerdictRoutingToBands::test_partial_verdict_routes_to_phoenix_and_ledger PASSED [  4%]
tests/integration/test_memory_integration_v38_eureka.py::TestVerdictRoutingToBands::test_void_verdict_routes_to_void_only PASSED [  4%]
tests/integration/test_memory_integration_v38_eureka.py::TestVerdictRoutingToBands::test_888_hold_verdict_routes_to_ledger PASSED [  4%]
tests/integration/test_memory_integration_v38_eureka.py::TestVerdictRoutingToBands::test_verdict_band_routing_constant_matches_code PASSED [  4%]
tests/integration/test_memory_integration_v38_eureka.py::TestWritePolicyGateEnforcement::test_void_verdict_cannot_write_to_ledger PASSED [  4%]
tests/integration/test_memory_integration_v38_eureka.py::TestWritePolicyGateEnforcement::test_void_verdict_cannot_write_to_active PASSED [  4%]
tests/integration/test_memory_integration_v38_eureka.py::TestWritePolicyGateEnforcement::test_void_verdict_cannot_write_to_phoenix PASSED [  5%]
tests/integration/test_memory_integration_v38_eureka.py::TestWritePolicyGateEnforcement::test_void_verdict_can_write_to_void_band PASSED [  5%]
tests/integration/test_memory_integration_v38_eureka.py::TestWritePolicyGateEnforcement::test_void_never_canonical_property PASSED [  5%]
tests/integration/test_memory_integration_v38_eureka.py::TestEvidenceChainValidation::test_valid_evidence_chain_passes_validation PASSED [  5%]
tests/integration/test_memory_integration_v38_eureka.py::TestEvidenceChainValidation::test_missing_floor_checks_fails_validation PASSED [  5%]
tests/integration/test_memory_integration_v38_eureka.py::TestEvidenceChainValidation::test_missing_hash_fails_validation PASSED [  5%]
tests/integration/test_memory_integration_v38_eureka.py::TestEvidenceChainValidation::test_hash_mismatch_fails_validation PASSED [  5%]
tests/integration/test_memory_integration_v38_eureka.py::TestMemorySenseRecallCeiling::test_recall_confidence_ceiling_is_085 PASSED [  5%]
tests/integration/test_memory_integration_v38_eureka.py::TestMemorySenseRecallCeiling::test_recalled_memory_never_certain PASSED [  5%]
tests/integration/test_memory_integration_v38_eureka.py::TestMemoryScarsDetection::test_floor_violation_detected_as_scar PASSED [  5%]
tests/integration/test_memory_integration_v38_eureka.py::TestMemoryScarsDetection::test_void_verdict_creates_scar_pattern PASSED [  5%]
tests/integration/test_memory_integration_v38_eureka.py::TestMemoryScarsDetection::test_harm_pattern_detection PASSED [  5%]
tests/integration/test_memory_integration_v38_eureka.py::TestPhoenix72ProposalCreation::test_partial_verdict_routes_to_phoenix PASSED [  5%]
tests/integration/test_memory_integration_v38_eureka.py::TestPhoenix72ProposalCreation::test_phoenix_band_not_canonical_until_sealed PASSED [  5%]
tests/integration/test_memory_integration_v38_eureka.py::TestBandLifecycleTransitions::test_vault_has_permanent_retention PASSED [  5%]
tests/integration/test_memory_integration_v38_eureka.py::TestBandLifecycleTransitions::test_active_has_hot_retention PASSED [  5%]
tests/integration/test_memory_integration_v38_eureka.py::TestBandLifecycleTransitions::test_ledger_has_warm_retention PASSED [  5%]
tests/integration/test_memory_integration_v38_eureka.py::TestBandLifecycleTransitions::test_void_has_90_day_retention PASSED [  5%]
tests/integration/test_memory_integration_v38_eureka.py::TestCrossModuleConsistency::test_judge_to_seal_flow PASSED [  5%]
tests/integration/test_memory_integration_v38_eureka.py::TestCrossModuleConsistency::test_scars_to_judge_flow PASSED [  5%]
tests/integration/test_memory_integration_v38_eureka.py::TestVoidNeverCanonical::test_void_cannot_reach_vault PASSED [  5%]
tests/integration/test_memory_integration_v38_eureka.py::TestVoidNeverCanonical::test_void_cannot_reach_ledger PASSED [  5%]
tests/integration/test_memory_integration_v38_eureka.py::TestVoidNeverCanonical::test_void_routing_only_to_void_band PASSED [  5%]
tests/integration/test_memory_integration_v38_eureka.py::TestVoidNeverCanonical::test_void_band_canonical_flag_is_false PASSED [  5%]
tests/integration/test_memory_integration_v38_eureka.py::TestAmanahLockOnIrreversibles::test_amanah_failure_creates_void_verdict PASSED [  5%]
tests/integration/test_memory_integration_v38_eureka.py::TestAmanahLockOnIrreversibles::test_irreversible_operations_detected PASSED [  6%]
tests/integration/test_memory_integration_v38_eureka.py::TestAntiHantuJailbreakDetection::test_soul_claims_detected_in_scars PASSED [  6%]
tests/integration/test_memory_integration_v38_eureka.py::TestAntiHantuJailbreakDetection::test_consciousness_claims_detected PASSED [  6%]
tests/integration/test_memory_integration_v38_eureka.py::TestMerkleProofGeneration::test_audit_layer_creates_hash_chain PASSED [  6%]
tests/integration/test_memory_integration_v38_eureka.py::TestMerkleProofGeneration::test_merkle_root_computable PASSED [  6%]
tests/integration/test_memory_policy_spec_alignment.py::TestSpecVsCodeVerdictRouting::test_seal_routing_matches_spec PASSED [  6%]
tests/integration/test_memory_policy_spec_alignment.py::TestSpecVsCodeVerdictRouting::test_sabar_routing_matches_spec PASSED [  6%]
tests/integration/test_memory_policy_spec_alignment.py::TestSpecVsCodeVerdictRouting::test_partial_routing_matches_spec PASSED [  6%]
tests/integration/test_memory_policy_spec_alignment.py::TestSpecVsCodeVerdictRouting::test_void_routing_matches_spec PASSED [  6%]
tests/integration/test_memory_policy_spec_alignment.py::TestSpecVsCodeVerdictRouting::test_hold_routing_matches_spec PASSED [  6%]
tests/integration/test_memory_policy_spec_alignment.py::TestSpecVsCodeVerdictRouting::test_all_verdicts_have_routing PASSED [  6%]
tests/integration/test_memory_policy_spec_alignment.py::TestSpecVsCodeVerdictRouting::test_sunset_routing_matches_spec PASSED [  6%]
tests/integration/test_memory_policy_spec_alignment.py::TestSpecVsCodeVerdictRouting::test_routing_targets_only_valid_bands PASSED [  6%]
tests/integration/test_memory_policy_spec_alignment.py::TestFloorGatingInMemoryWrite::test_failed_floors_prevent_canonical_write PASSED [  6%]
tests/integration/test_memory_policy_spec_alignment.py::TestFloorGatingInMemoryWrite::test_passing_floors_allow_canonical_write PASSED [  6%]
tests/integration/test_memory_policy_spec_alignment.py::TestFloorGatingInMemoryWrite::test_floor_scores_logged_in_evidence PASSED [  6%]
tests/integration/test_memory_policy_spec_alignment.py::TestAmanahFloorIrreversibleCheck::test_f1_failure_prevents_write PASSED [  6%]
tests/integration/test_memory_policy_spec_alignment.py::TestAmanahFloorIrreversibleCheck::test_amanah_detector_identifies_irreversibles SKIPPED [  6%]
tests/integration/test_memory_policy_spec_alignment.py::TestAmanahFloorIrreversibleCheck::test_f1_amanah_threshold_is_lock PASSED [  6%]
tests/integration/test_memory_policy_spec_alignment.py::TestAntiHantuFloorSoulBlock::test_f9_blocks_soul_claims PASSED [  6%]
tests/integration/test_memory_policy_spec_alignment.py::TestAntiHantuFloorSoulBlock::test_antihantu_detector_identifies_soul_claims SKIPPED [  6%]
tests/integration/test_memory_policy_spec_alignment.py::TestAntiHantuFloorSoulBlock::test_f9_dark_threshold_less_than_030 PASSED [  6%]
tests/integration/test_memory_policy_spec_alignment.py::TestSpecConfidenceCeiling::test_recall_confidence_ceiling_is_085 PASSED [  6%]
tests/integration/test_memory_policy_spec_alignment.py::TestSpecConfidenceCeiling::test_confidence_ceiling_less_than_certainty PASSED [  6%]
tests/integration/test_memory_policy_spec_alignment.py::TestSpecConfidenceCeiling::test_confidence_ceiling_reasonable_but_not_certain PASSED [  6%]
tests/integration/test_memory_policy_spec_alignment.py::TestParadoxHotspotDetection::test_band_properties_retention_consistency PASSED [  6%]
tests/integration/test_memory_policy_spec_alignment.py::TestParadoxHotspotDetection::test_verdict_routing_targets_exist_in_bands PASSED [  7%]
tests/integration/test_memory_policy_spec_alignment.py::TestParadoxHotspotDetection::test_void_band_never_canonical PASSED [  7%]
tests/integration/test_memory_policy_spec_alignment.py::TestParadoxHotspotDetection::test_retention_constants_match_properties PASSED [  7%]
tests/integration/test_memory_policy_spec_alignment.py::TestParadoxHotspotDetection::test_vault_immutability_flag PASSED [  7%]
tests/integration/test_memory_policy_spec_alignment.py::TestParadoxHotspotDetection::test_ledger_immutability_flag PASSED [  7%]
tests/integration/test_memory_policy_spec_alignment.py::TestParadoxHotspotDetection::test_canonical_bands_are_immutable PASSED [  7%]
tests/integration/test_memory_policy_spec_alignment.py::TestSpecFileAlignment::test_load_spec_files PASSED [  7%]
tests/integration/test_memory_policy_spec_alignment.py::TestSpecFileAlignment::test_constitutional_floors_spec_alignment PASSED [  7%]
tests/integration/test_memory_policy_spec_alignment.py::TestMemoryWritePolicyInvariants::test_inv1_void_never_canonical PASSED [  7%]
tests/integration/test_memory_policy_spec_alignment.py::TestMemoryWritePolicyInvariants::test_inv3_evidence_chain_required PASSED [  7%]
tests/integration/test_memory_policy_spec_alignment.py::TestMemoryWritePolicyInvariants::test_inv4_recall_is_suggestion PASSED [  7%]
tests/integration/test_pipeline_with_memory.py::TestL7RecallAt111Sense::test_recall_injects_memories_into_context_blocks PASSED [  7%]
tests/integration/test_pipeline_with_memory.py::TestL7RecallAt111Sense::test_recall_stores_result_in_state PASSED [  7%]
tests/integration/test_pipeline_with_memory.py::TestL7RecallAt111Sense::test_recall_requires_user_id PASSED [  7%]
tests/integration/test_pipeline_with_memory.py::TestL7StoreAt999Seal::test_seal_verdict_triggers_store PASSED [  7%]
tests/integration/test_pipeline_with_memory.py::TestL7StoreAt999Seal::test_void_verdict_blocked_by_sieve PASSED [  7%]
tests/integration/test_pipeline_with_memory.py::TestL7StoreAt999Seal::test_store_includes_metadata PASSED [  7%]
tests/integration/test_pipeline_with_memory.py::TestFailOpenBehavior::test_pipeline_continues_when_l7_disabled PASSED [  7%]
tests/integration/test_pipeline_with_memory.py::TestFailOpenBehavior::test_pipeline_continues_when_recall_throws PASSED [  7%]
tests/integration/test_pipeline_with_memory.py::TestFailOpenBehavior::test_pipeline_continues_when_store_throws PASSED [  7%]
tests/integration/test_pipeline_with_memory.py::TestFullPipelineIntegration::test_full_pipeline_with_user_id PASSED [  7%]
tests/integration/test_pipeline_with_memory.py::TestFullPipelineIntegration::test_full_pipeline_without_user_id PASSED [  7%]
tests/integration/test_sealion_api_key_detection.py::test_sealion_api_key_detection_in_litellm_config PASSED [  7%]
tests/integration/test_sealion_api_key_detection.py::test_api_key_priority_order PASSED [  7%]
tests/integration/test_sealion_api_key_detection.py::test_no_api_key_raises_error PASSED [  7%]
tests/integration/test_sealion_api_key_detection.py::test_harness_validate_environment_detects_sealion_key PASSED [  7%]
tests/integration/test_sealion_api_key_detection.py::test_harness_api_key_source_tracking PASSED [  8%]
tests/judiciary/test_firewall.py::test_sanitization_integrity PASSED     [  8%]
tests/judiciary/test_firewall.py::test_semantic_exclusion PASSED         [  8%]
tests/judiciary/test_firewall.py::test_default_safety PASSED             [  8%]
tests/judiciary/test_witness_council.py::test_unanimous_but_stale_returns_partial_not_hold PASSED [  8%]
tests/judiciary/test_witness_council.py::test_split_votes_returns_hold PASSED [  8%]
tests/judiciary/test_witness_council.py::test_missing_witness_returns_hold PASSED [  8%]
tests/judiciary/test_witness_council.py::test_council_consumes_firewall_only PASSED [  8%]
tests/temporal/test_freshness.py::test_decay_logic PASSED                [  8%]
tests/temporal/test_freshness.py::test_humility_expansion PASSED         [  8%]
tests/temporal/test_freshness.py::test_future_clamp PASSED               [  8%]
tests/temporal/test_phoenix_hold.py::test_stale_evidence_triggers_hold PASSED [  8%]
tests/temporal/test_phoenix_hold.py::test_conflict_triggers_hold PASSED  [  8%]
tests/temporal/test_phoenix_hold.py::test_incomplete_coverage_triggers_hold PASSED [  8%]
tests/temporal/test_phoenix_hold.py::test_phoenix_window_blocks_seal PASSED [  8%]
tests/temporal/test_phoenix_hold.py::test_hold_is_time_reversible PASSED [  8%]
tests/temporal/test_phoenix_hold.py::test_firewall_unchanged_under_pr3 PASSED [  8%]
tests/test_aclip_bridge.py::test_evaluate_session_is_exported PASSED     [  8%]
tests/test_aclip_bridge.py::test_evaluate_session_signature PASSED       [  8%]
tests/test_aclip_bridge.py::test_complete_session_returns_seal PASSED    [  8%]
tests/test_aclip_bridge.py::test_incomplete_session_returns_sabar PASSED [  8%]
tests/test_aclip_bridge.py::test_high_stakes_database_operation PASSED   [  8%]
tests/test_aclip_bridge.py::test_high_stakes_database_query PASSED       [  8%]
tests/test_aclip_bridge.py::test_high_stakes_security_credential PASSED  [  8%]
tests/test_aclip_bridge.py::test_high_stakes_git_force_push PASSED       [  8%]
tests/test_aclip_bridge.py::test_manual_hold_in_session PASSED           [  8%]
tests/test_aclip_bridge.py::test_empty_session PASSED                    [  9%]
tests/test_aclip_bridge.py::test_missing_required_fields PASSED          [  9%]
tests/test_aclip_bridge.py::test_verdict_is_valid_string PASSED          [  9%]
tests/test_aclip_bridge.py::test_same_session_returns_same_verdict PASSED [  9%]
tests/test_aclip_bridge.py::test_bridge_full_lifecycle PASSED            [  9%]
tests/test_aclip_bridge.py::test_bridge_status_report PASSED             [  9%]
tests/test_aclip_v41_2_adversarial.py::TestSourceHierarchy::test_primary_source_authority PASSED [  9%]
tests/test_aclip_v41_2_adversarial.py::TestSourceHierarchy::test_grep_not_evidence PASSED [  9%]
tests/test_aclip_v41_2_adversarial.py::TestSourceHierarchy::test_tertiary_documentation_warning PASSED [  9%]
tests/test_aclip_v41_2_adversarial.py::TestReverseAudit::test_weakest_stakeholder_check PASSED [  9%]
tests/test_aclip_v41_2_adversarial.py::TestReverseAudit::test_clarity_gain_check PASSED [  9%]
tests/test_aclip_v41_2_adversarial.py::TestHoldTriggers::test_user_correction_hold PASSED [  9%]
tests/test_aclip_v41_2_adversarial.py::TestHoldTriggers::test_rushed_fix_hold PASSED [  9%]
tests/test_aclip_v41_2_adversarial.py::TestHoldTriggers::test_source_conflict_hold PASSED [  9%]
tests/test_aclip_v41_2_adversarial.py::TestFalseCertainty::test_omega_humility_enforcement PASSED [  9%]
tests/test_aclip_v41_2_adversarial.py::TestFalseCertainty::test_delta_entropy_check PASSED [  9%]
tests/test_aclip_v41_2_adversarial.py::TestFalseCertainty::test_psi_vitality_threshold PASSED [  9%]
tests/test_aclip_v41_2_adversarial.py::TestFloorTraceability::test_all_floors_covered PASSED [  9%]
tests/test_aclip_v41_2_adversarial.py::TestFloorTraceability::test_no_new_floors_introduced PASSED [  9%]
tests/test_aclip_v41_2_adversarial.py::TestFloorTraceability::test_version_consistency PASSED [  9%]
tests/test_aclip_v41_2_adversarial.py::TestDocumentation::test_primary_source_warning_exists PASSED [  9%]
tests/test_aclip_v41_2_adversarial.py::TestDocumentation::test_physics_brief_exists PASSED [  9%]
tests/test_aclip_v41_2_adversarial.py::TestDocumentation::test_stage_444_hardening_exists PASSED [  9%]
tests/test_aclip_v41_2_adversarial.py::TestDocumentation::test_stage_777_reverse_audit_exists PASSED [  9%]
tests/test_aclip_v41_2_adversarial.py::TestDocumentation::test_hold_triggers_expanded PASSED [  9%]
tests/test_aclip_v41_2_adversarial.py::test_adversarial_validation_summary PASSED [  9%]
tests/test_amanah_detector.py::TestAmanahDetectorSetup::test_detector_initializes PASSED [ 10%]
tests/test_amanah_detector.py::TestAmanahDetectorSetup::test_singleton_available PASSED [ 10%]
tests/test_amanah_detector.py::TestAmanahDetectorSetup::test_result_structure PASSED [ 10%]
tests/test_amanah_detector.py::TestAmanahDetectorSetup::test_convenience_functions PASSED [ 10%]
tests/test_amanah_detector.py::TestRedPatternsSQLDestruction::test_delete_from_blocked PASSED [ 10%]
tests/test_amanah_detector.py::TestRedPatternsSQLDestruction::test_delete_from_with_where_blocked PASSED [ 10%]
tests/test_amanah_detector.py::TestRedPatternsSQLDestruction::test_drop_table_blocked PASSED [ 10%]
tests/test_amanah_detector.py::TestRedPatternsSQLDestruction::test_drop_table_if_exists_blocked PASSED [ 10%]
tests/test_amanah_detector.py::TestRedPatternsSQLDestruction::test_drop_database_blocked PASSED [ 10%]
tests/test_amanah_detector.py::TestRedPatternsSQLDestruction::test_truncate_blocked PASSED [ 10%]
tests/test_amanah_detector.py::TestRedPatternsSQLDestruction::test_truncate_without_table_blocked PASSED [ 10%]
tests/test_amanah_detector.py::TestRedPatternsUnixDestruction::test_rm_rf_blocked PASSED [ 10%]
tests/test_amanah_detector.py::TestRedPatternsUnixDestruction::test_rm_rf_home_blocked PASSED [ 10%]
tests/test_amanah_detector.py::TestRedPatternsUnixDestruction::test_rm_rf_path_blocked PASSED [ 10%]
tests/test_amanah_detector.py::TestRedPatternsUnixDestruction::test_rm_fr_blocked PASSED [ 10%]
tests/test_amanah_detector.py::TestRedPatternsUnixDestruction::test_rm_recursive_blocked PASSED [ 10%]
tests/test_amanah_detector.py::TestRedPatternsUnixDestruction::test_windows_rmdir_s_blocked PASSED [ 10%]
tests/test_amanah_detector.py::TestRedPatternsGitDestruction::test_git_push_force_blocked PASSED [ 10%]
tests/test_amanah_detector.py::TestRedPatternsGitDestruction::test_git_push_f_blocked PASSED [ 10%]
tests/test_amanah_detector.py::TestRedPatternsGitDestruction::test_git_reset_hard_blocked PASSED [ 10%]
tests/test_amanah_detector.py::TestRedPatternsGitDestruction::test_git_reset_hard_origin_blocked PASSED [ 10%]
tests/test_amanah_detector.py::TestRedPatternsGitDestruction::test_git_clean_f_blocked PASSED [ 10%]
tests/test_amanah_detector.py::TestRedPatternsPythonDestruction::test_shutil_rmtree_blocked PASSED [ 10%]
tests/test_amanah_detector.py::TestRedPatternsPythonDestruction::test_os_remove_blocked PASSED [ 10%]
tests/test_amanah_detector.py::TestRedPatternsPythonDestruction::test_os_unlink_blocked PASSED [ 10%]
tests/test_amanah_detector.py::TestRedPatternsPythonDestruction::test_os_rmdir_blocked PASSED [ 11%]
tests/test_amanah_detector.py::TestRedPatternsPythonDestruction::test_pathlib_unlink_blocked PASSED [ 11%]
tests/test_amanah_detector.py::TestRedPatternsPythonDestruction::test_pathlib_unlink_missing_ok_blocked PASSED [ 11%]
tests/test_amanah_detector.py::TestRedPatternsCredentialLeaks::test_openai_key_blocked PASSED [ 11%]
tests/test_amanah_detector.py::TestRedPatternsCredentialLeaks::test_aws_secret_blocked PASSED [ 11%]
tests/test_amanah_detector.py::TestRedPatternsCredentialLeaks::test_aws_access_key_id_blocked PASSED [ 11%]
tests/test_amanah_detector.py::TestRedPatternsCredentialLeaks::test_github_token_blocked PASSED [ 11%]
tests/test_amanah_detector.py::TestRedPatternsCredentialLeaks::test_private_key_blocked PASSED [ 11%]
tests/test_amanah_detector.py::TestRedPatternsDatabaseDestruction::test_mongo_drop_blocked PASSED [ 11%]
tests/test_amanah_detector.py::TestRedPatternsDatabaseDestruction::test_mongo_drop_database_blocked PASSED [ 11%]
tests/test_amanah_detector.py::TestRedPatternsDatabaseDestruction::test_redis_flushall_blocked PASSED [ 11%]
tests/test_amanah_detector.py::TestRedPatternsDatabaseDestruction::test_redis_flushdb_blocked PASSED [ 11%]
tests/test_amanah_detector.py::TestOrangePatterns::test_sudo_warned PASSED [ 11%]
tests/test_amanah_detector.py::TestOrangePatterns::test_chmod_777_warned PASSED [ 11%]
tests/test_amanah_detector.py::TestOrangePatterns::test_eval_warned PASSED [ 11%]
tests/test_amanah_detector.py::TestOrangePatterns::test_exec_warned PASSED [ 11%]
tests/test_amanah_detector.py::TestOrangePatterns::test_subprocess_shell_warned PASSED [ 11%]
tests/test_amanah_detector.py::TestOrangePatterns::test_os_system_warned PASSED [ 11%]
tests/test_amanah_detector.py::TestOrangePatterns::test_git_rebase_warned PASSED [ 11%]
tests/test_amanah_detector.py::TestOrangePatterns::test_git_amend_warned PASSED [ 11%]
tests/test_amanah_detector.py::TestSafePatterns::test_print_hello_passes PASSED [ 11%]
tests/test_amanah_detector.py::TestSafePatterns::test_normal_code_passes PASSED [ 11%]
tests/test_amanah_detector.py::TestSafePatterns::test_select_query_passes PASSED [ 11%]
tests/test_amanah_detector.py::TestSafePatterns::test_insert_query_passes PASSED [ 11%]
tests/test_amanah_detector.py::TestSafePatterns::test_update_query_passes PASSED [ 11%]
tests/test_amanah_detector.py::TestSafePatterns::test_git_add_passes PASSED [ 11%]
tests/test_amanah_detector.py::TestSafePatterns::test_git_commit_passes PASSED [ 12%]
tests/test_amanah_detector.py::TestSafePatterns::test_git_push_passes PASSED [ 12%]
tests/test_amanah_detector.py::TestSafePatterns::test_git_pull_passes PASSED [ 12%]
tests/test_amanah_detector.py::TestSafePatterns::test_file_read_passes PASSED [ 12%]
tests/test_amanah_detector.py::TestSafePatterns::test_file_write_passes PASSED [ 12%]
tests/test_amanah_detector.py::TestEdgeCases::test_empty_string_passes PASSED [ 12%]
tests/test_amanah_detector.py::TestEdgeCases::test_whitespace_only_passes PASSED [ 12%]
tests/test_amanah_detector.py::TestEdgeCases::test_mixed_red_and_orange_red_wins PASSED [ 12%]
tests/test_amanah_detector.py::TestEdgeCases::test_disclosure_does_not_override_red PASSED [ 12%]
tests/test_amanah_detector.py::TestEdgeCases::test_case_insensitive_sql PASSED [ 12%]
tests/test_amanah_detector.py::TestEdgeCases::test_multiline_detection PASSED [ 12%]
tests/test_amanah_detector.py::TestEdgeCases::test_line_number_tracking PASSED [ 12%]
tests/test_amanah_detector.py::TestEdgeCases::test_multiple_violations_all_captured PASSED [ 12%]
tests/test_amanah_detector.py::TestEdgeCases::test_to_dict_serialization PASSED [ 12%]
tests/test_amanah_detector.py::TestIntegration::test_detector_import_available PASSED [ 12%]
tests/test_amanah_detector.py::TestIntegration::test_check_with_context_interface PASSED [ 12%]
tests/test_amanah_detector.py::TestRegressions::test_rm_without_rf_not_blocked PASSED [ 12%]
tests/test_amanah_detector.py::TestRegressions::test_path_unlink_in_context PASSED [ 12%]
tests/test_amanah_detector.py::TestRegressions::test_false_positive_removal PASSED [ 12%]
tests/test_amanah_detector.py::TestRegressions::test_git_force_in_message PASSED [ 12%]
tests/test_amanah_detector.py::TestPerformance::test_large_input_performance PASSED [ 12%]
tests/test_amanah_detector.py::TestPerformance::test_many_patterns_performance PASSED [ 12%]
tests/test_anti_hantu_f9.py::TestAntiHantuFloor::test_anti_hantu_defaults_to_pass PASSED [ 12%]
tests/test_anti_hantu_f9.py::TestAntiHantuFloor::test_anti_hantu_false_marks_hard_failure PASSED [ 12%]
tests/test_anti_hantu_f9.py::TestAntiHantuEyeSentinel::test_eye_sentinel_blocks_for_forbidden_pattern PASSED [ 12%]
tests/test_anti_hantu_f9.py::TestAntiHantuEyeSentinel::test_eye_sentinel_passes_for_neutral_text PASSED [ 12%]
tests/test_antihantu_unit.py::test_anti_hantu_allows_definitional_text PASSED [ 13%]
tests/test_antihantu_unit.py::test_anti_hantu_blocks_first_person_claims PASSED [ 13%]
tests/test_antihantu_unit.py::test_anti_hantu_allows_explicit_denial PASSED [ 13%]
tests/test_apex_and_ledger_edges.py::TestApexFloors::test_apex_void_when_truth_below_floor SKIPPED [ 13%]
tests/test_apex_and_ledger_edges.py::TestApexFloors::test_apex_seal_when_all_floors_pass SKIPPED [ 13%]
tests/test_apex_and_ledger_edges.py::TestCoolingLedger::test_ledger_chain_links_via_prev_hash SKIPPED [ 13%]
tests/test_apex_genius_verdicts.py::TestVersion::test_apex_version_is_v42 PASSED [ 13%]
tests/test_apex_genius_verdicts.py::TestVersion::test_apex_epoch_is_42 PASSED [ 13%]
tests/test_apex_genius_verdicts.py::TestVersion::test_genius_thresholds_exist PASSED [ 13%]
tests/test_apex_genius_verdicts.py::TestHardFloorGates::test_truth_failure_always_void PASSED [ 13%]
tests/test_apex_genius_verdicts.py::TestHardFloorGates::test_amanah_failure_always_void PASSED [ 13%]
tests/test_apex_genius_verdicts.py::TestHardFloorGates::test_anti_hantu_failure_always_void PASSED [ 13%]
tests/test_apex_genius_verdicts.py::TestHardFloorGates::test_delta_s_negative_always_void PASSED [ 13%]
tests/test_apex_genius_verdicts.py::TestHardFloorGates::test_omega_outside_band_always_void PASSED [ 13%]
tests/test_apex_genius_verdicts.py::TestHardFloorGates::test_rasa_false_always_void PASSED [ 13%]
tests/test_apex_genius_verdicts.py::TestGeniusLawVerdicts::test_high_g_low_cdark_is_seal PASSED [ 13%]
tests/test_apex_genius_verdicts.py::TestGeniusLawVerdicts::test_moderate_g_is_partial_or_888hold PASSED [ 13%]
tests/test_apex_genius_verdicts.py::TestGeniusLawVerdicts::test_low_g_is_void PASSED [ 13%]
tests/test_apex_genius_verdicts.py::TestGeniusLawVerdicts::test_high_cdark_is_void PASSED [ 13%]
tests/test_apex_genius_verdicts.py::TestGeniusLawVerdicts::test_energy_depletion_affects_g PASSED [ 13%]
tests/test_apex_genius_verdicts.py::TestGeniusLawVerdicts::test_soft_floor_failure_with_genius_is_partial PASSED [ 13%]
tests/test_apex_genius_verdicts.py::TestAPEXPrimeClass::test_default_uses_genius_law PASSED [ 13%]
tests/test_apex_genius_verdicts.py::TestAPEXPrimeClass::test_judge_with_genius_returns_tuple PASSED [ 13%]
tests/test_apex_genius_verdicts.py::TestAPEXPrimeClass::test_judge_with_energy_and_entropy PASSED [ 13%]
tests/test_apex_genius_verdicts.py::TestAPEXPrimeClass::test_judge_with_moderate_energy PASSED [ 13%]
tests/test_apex_genius_verdicts.py::TestAPEXPrimeClass::test_v35_compatibility_mode PASSED [ 13%]
tests/test_apex_genius_verdicts.py::TestEyeBlocking::test_eye_blocking_is_sabar PASSED [ 14%]
tests/test_apex_genius_verdicts.py::TestEyeBlocking::test_eye_blocking_overrides_hard_floor PASSED [ 14%]
tests/test_apex_genius_verdicts.py::TestExtendedFloors::test_extended_floor_failure_is_888hold PASSED [ 14%]
tests/test_apex_genius_verdicts.py::TestExtendedFloors::test_vault_inconsistency_is_888hold PASSED [ 14%]
tests/test_apex_genius_verdicts.py::TestVerdictHierarchy::test_hierarchy_sabar_first PASSED [ 14%]
tests/test_apex_genius_verdicts.py::TestVerdictHierarchy::test_hierarchy_hard_floor_before_genius PASSED [ 14%]
tests/test_apex_genius_verdicts.py::TestVerdictHierarchy::test_hierarchy_soft_floor_partial PASSED [ 14%]
tests/test_apex_genius_verdicts.py::TestGeniusViewIntegration::test_genius_view_registered PASSED [ 14%]
tests/test_apex_genius_verdicts.py::TestGeniusViewIntegration::test_genius_view_alerts_on_low_g PASSED [ 14%]
tests/test_apex_genius_verdicts.py::TestEdgeCases::test_exact_threshold_g_seal PASSED [ 14%]
tests/test_apex_genius_verdicts.py::TestEdgeCases::test_exactly_at_cdark_threshold PASSED [ 14%]
tests/test_apex_genius_verdicts.py::TestEdgeCases::test_zero_energy_collapses_g PASSED [ 14%]
tests/test_apex_genius_verdicts.py::TestEdgeCases::test_high_entropy_reduces_psi_apex PASSED [ 14%]
tests/test_apex_genius_verdicts.py::TestCoolingLedgerIntegration::test_log_cooling_entry_includes_genius PASSED [ 14%]
tests/test_apex_genius_verdicts.py::TestCoolingLedgerIntegration::test_log_cooling_entry_respects_energy PASSED [ 14%]
tests/test_apex_genius_verdicts.py::TestCoolingLedgerIntegration::test_log_cooling_entry_with_v36_telemetry_builds_v36_entry PASSED [ 14%]
tests/test_apex_measurements_eval.py::TestNormalizer::test_normalize_genius_within_range PASSED [ 14%]
tests/test_apex_measurements_eval.py::TestNormalizer::test_normalize_cdark_clamped PASSED [ 14%]
tests/test_apex_measurements_eval.py::TestAntiHantuDetector::test_blocked_pattern_fails PASSED [ 14%]
tests/test_apex_measurements_eval.py::TestAntiHantuDetector::test_clean_text_passes PASSED [ 14%]
tests/test_apex_measurements_eval.py::TestAntiHantuDetector::test_exception_allows_blocked_pattern PASSED [ 14%]
tests/test_apex_measurements_eval.py::TestCoreFunctions::test_measure_genius_perfect_dials PASSED [ 14%]
tests/test_apex_measurements_eval.py::TestCoreFunctions::test_measure_genius_low_dials PASSED [ 14%]
tests/test_apex_measurements_eval.py::TestCoreFunctions::test_measure_dark_cleverness_ethical PASSED [ 14%]
tests/test_apex_measurements_eval.py::TestCoreFunctions::test_measure_dark_cleverness_unethical PASSED [ 14%]
tests/test_apex_measurements_eval.py::TestCoreFunctions::test_compute_vitality_healthy PASSED [ 14%]
tests/test_apex_measurements_eval.py::TestCoreFunctions::test_compute_vitality_low_entropy PASSED [ 15%]
tests/test_apex_measurements_eval.py::TestVerdictAlgorithm::test_seal_all_passing PASSED [ 15%]
tests/test_apex_measurements_eval.py::TestVerdictAlgorithm::test_void_hard_floor_fail PASSED [ 15%]
tests/test_apex_measurements_eval.py::TestVerdictAlgorithm::test_void_amanah_fail PASSED [ 15%]
tests/test_apex_measurements_eval.py::TestVerdictAlgorithm::test_void_anti_hantu_fail PASSED [ 15%]
tests/test_apex_measurements_eval.py::TestVerdictAlgorithm::test_sabar_shadow_truth PASSED [ 15%]
tests/test_apex_measurements_eval.py::TestVerdictAlgorithm::test_sabar_high_cdark PASSED [ 15%]
tests/test_apex_measurements_eval.py::TestVerdictAlgorithm::test_sabar_low_psi PASSED [ 15%]
tests/test_apex_measurements_eval.py::TestVerdictAlgorithm::test_void_low_g PASSED [ 15%]
tests/test_apex_measurements_eval.py::TestVerdictAlgorithm::test_partial_borderline_g PASSED [ 15%]
tests/test_apex_measurements_eval.py::TestVerdictAlgorithm::test_partial_borderline_psi PASSED [ 15%]
tests/test_apex_measurements_eval.py::TestBoundaryEdgeCases::test_g_exactly_at_void_threshold PASSED [ 15%]
tests/test_apex_measurements_eval.py::TestBoundaryEdgeCases::test_g_just_below_void_threshold PASSED [ 15%]
tests/test_apex_measurements_eval.py::TestBoundaryEdgeCases::test_g_exactly_at_seal_threshold PASSED [ 15%]
tests/test_apex_measurements_eval.py::TestBoundaryEdgeCases::test_g_just_below_seal_threshold PASSED [ 15%]
tests/test_apex_measurements_eval.py::TestBoundaryEdgeCases::test_psi_exactly_at_sabar_threshold PASSED [ 15%]
tests/test_apex_measurements_eval.py::TestBoundaryEdgeCases::test_psi_just_below_sabar_threshold PASSED [ 15%]
tests/test_apex_measurements_eval.py::TestBoundaryEdgeCases::test_psi_exactly_at_seal_threshold PASSED [ 15%]
tests/test_apex_measurements_eval.py::TestBoundaryEdgeCases::test_psi_just_below_seal_threshold PASSED [ 15%]
tests/test_apex_measurements_eval.py::TestBoundaryEdgeCases::test_cdark_exactly_at_warn_threshold PASSED [ 15%]
tests/test_apex_measurements_eval.py::TestBoundaryEdgeCases::test_cdark_just_above_warn_threshold PASSED [ 15%]
tests/test_apex_measurements_eval.py::TestBoundaryEdgeCases::test_cdark_exactly_at_seal_threshold PASSED [ 15%]
tests/test_apex_measurements_eval.py::TestBoundaryEdgeCases::test_cdark_just_below_seal_threshold PASSED [ 15%]
tests/test_apex_measurements_eval.py::TestShadowTruthScenarios::test_shadow_truth_clumsy_with_amanah_pass PASSED [ 15%]
tests/test_apex_measurements_eval.py::TestShadowTruthScenarios::test_weaponized_truth_with_amanah_fail PASSED [ 15%]
tests/test_apex_measurements_eval.py::TestShadowTruthScenarios::test_truth_light_positive_delta PASSED [ 16%]
tests/test_apex_measurements_eval.py::TestShadowTruthScenarios::test_shadow_truth_takes_precedence_over_high_g PASSED [ 16%]
tests/test_apex_measurements_eval.py::TestShadowTruthScenarios::test_shadow_truth_with_low_cdark PASSED [ 16%]
tests/test_apex_measurements_eval.py::TestShadowTruthScenarios::test_no_shadow_truth_when_truth_fails PASSED [ 16%]
tests/test_apex_measurements_eval.py::TestShadowTruthScenarios::test_shadow_truth_order_of_operations PASSED [ 16%]
tests/test_apex_measurements_eval.py::TestNegativeVitality::test_negative_delta_s_makes_psi_negative PASSED [ 16%]
tests/test_apex_measurements_eval.py::TestNegativeVitality::test_negative_psi_triggers_sabar PASSED [ 16%]
tests/test_apex_measurements_eval.py::TestNegativeVitality::test_zero_delta_s_neutral PASSED [ 16%]
tests/test_apex_measurements_eval.py::TestJudgePipeline::test_judge_seal_scenario PASSED [ 16%]
tests/test_apex_measurements_eval.py::TestJudgePipeline::test_judge_void_anti_hantu PASSED [ 16%]
tests/test_apex_prime_floors.py::test_apex_seal_when_all_floors_pass_high_stakes PASSED [ 16%]
tests/test_apex_prime_floors.py::test_apex_seal_when_all_floors_pass_non_high_stakes PASSED [ 16%]
tests/test_apex_prime_floors.py::test_apex_truth_floor_behavior[0.989-VOID] PASSED [ 16%]
tests/test_apex_prime_floors.py::test_apex_truth_floor_behavior[0.99-VOID] PASSED [ 16%]
tests/test_apex_prime_floors.py::test_apex_truth_floor_behavior[0.999-SEAL] PASSED [ 16%]
tests/test_apex_prime_floors.py::test_apex_void_when_truth_clearly_below_floor PASSED [ 16%]
tests/test_apex_prime_floors.py::test_apex_void_when_delta_s_negative PASSED [ 16%]
tests/test_apex_prime_floors.py::test_apex_seal_when_delta_s_zero PASSED [ 16%]
tests/test_apex_prime_floors.py::test_apex_peace_squared_floor[0.99-False] PASSED [ 16%]
tests/test_apex_prime_floors.py::test_apex_peace_squared_floor[1.0-True] PASSED [ 16%]
tests/test_apex_prime_floors.py::test_apex_peace_squared_floor[1.1-True] PASSED [ 16%]
tests/test_apex_prime_floors.py::test_apex_void_when_kappa_r_below_floor PASSED [ 16%]
tests/test_apex_prime_floors.py::test_apex_seal_when_kappa_r_at_floor PASSED [ 16%]
tests/test_apex_prime_floors.py::test_apex_omega_band_humility[0.01-False] PASSED [ 16%]
tests/test_apex_prime_floors.py::test_apex_omega_band_humility[0.03-True] PASSED [ 16%]
tests/test_apex_prime_floors.py::test_apex_omega_band_humility[0.04-True] PASSED [ 16%]
tests/test_apex_prime_floors.py::test_apex_omega_band_humility[0.05-True] PASSED [ 17%]
tests/test_apex_prime_floors.py::test_apex_omega_band_humility[0.08-False] PASSED [ 17%]
tests/test_apex_prime_floors.py::test_apex_void_when_amanah_false PASSED [ 17%]
tests/test_apex_prime_floors.py::test_apex_void_when_tri_witness_below_threshold PASSED [ 17%]
tests/test_apex_prime_floors.py::test_apex_allows_low_tri_witness_for_non_high_stakes PASSED [ 17%]
tests/test_apex_prime_floors.py::test_apex_void_when_psi_below_floor PASSED [ 17%]
tests/test_apex_prime_floors.py::test_apex_seal_when_psi_at_floor PASSED [ 17%]
tests/test_apex_prime_floors.py::test_apex_more_strict_for_high_stakes_than_low_stakes PASSED [ 17%]
tests/test_apex_prime_floors.py::test_apex_void_when_multiple_hard_floors_fail PASSED [ 17%]
tests/test_apex_prime_floors.py::test_apex_partial_when_only_soft_floors_fail PASSED [ 17%]
tests/test_apex_prime_floors.py::test_apex_handles_perfect_metrics PASSED [ 17%]
tests/test_apex_prime_floors.py::test_apex_handles_boundary_values PASSED [ 17%]
tests/test_apex_prime_floors_mocked.py::test_apex_with_mocked_tri_witness_high_score PASSED [ 17%]
tests/test_apex_prime_floors_mocked.py::test_apex_with_mocked_tri_witness_low_score PASSED [ 17%]
tests/test_apex_prime_floors_mocked.py::test_apex_tri_witness_not_required_for_low_stakes PASSED [ 17%]
tests/test_apex_prime_floors_mocked.py::test_apex_with_mocked_metrics_computation PASSED [ 17%]
tests/test_apex_prime_floors_mocked.py::test_apex_with_specific_floor_failures[truth-VOID] PASSED [ 17%]
tests/test_apex_prime_floors_mocked.py::test_apex_with_specific_floor_failures[delta_s-VOID] PASSED [ 17%]
tests/test_apex_prime_floors_mocked.py::test_apex_with_specific_floor_failures[amanah-VOID] PASSED [ 17%]
tests/test_apex_prime_floors_mocked.py::test_apex_with_specific_floor_failures[omega_0-PARTIAL] PASSED [ 17%]
tests/test_apex_prime_floors_mocked.py::test_apex_with_specific_floor_failures[psi-VOID] PASSED [ 17%]
tests/test_apex_prime_floors_mocked.py::test_apex_with_specific_floor_failures[peace_squared-PARTIAL] PASSED [ 17%]
tests/test_apex_prime_floors_mocked.py::test_apex_with_specific_floor_failures[kappa_r-PARTIAL] PASSED [ 17%]
tests/test_apex_prime_floors_mocked.py::test_apex_with_patched_floor_check PASSED [ 17%]
tests/test_apex_prime_floors_mocked.py::test_apex_with_async_tri_witness SKIPPED [ 17%]
tests/test_apex_prime_floors_mocked.py::test_apex_with_mocked_llm_truth_verification PASSED [ 17%]
tests/test_apex_prime_floors_mocked.py::test_apex_with_low_llm_truth_score PASSED [ 18%]
tests/test_apex_prime_floors_mocked.py::test_apex_stress_with_mocked_operations PASSED [ 18%]
tests/test_apex_prime_floors_mocked.py::test_mock_usage_example PASSED   [ 18%]
tests/test_apex_prime_output_v41.py::test_void_band PASSED               [ 18%]
tests/test_apex_prime_output_v41.py::test_sabar_band PASSED              [ 18%]
tests/test_apex_prime_output_v41.py::test_seal_band PASSED               [ 18%]
tests/test_apex_prime_output_v41.py::test_pulse_cap PASSED               [ 18%]
tests/test_apex_prime_output_v41.py::test_missing_psi_gives_null PASSED  [ 18%]
tests/test_apex_prime_output_v41.py::test_seal_output_format PASSED      [ 18%]
tests/test_apex_prime_output_v41.py::test_sabar_with_reason PASSED       [ 18%]
tests/test_apex_prime_output_v41.py::test_void_output_format PASSED      [ 18%]
tests/test_apex_review.py::TestApexReview::test_partial_when_soft_floors_fail PASSED [ 18%]
tests/test_apex_review.py::TestApexReview::test_seal_when_all_floors_pass PASSED [ 18%]
tests/test_apex_review.py::TestApexReview::test_void_when_hard_floors_fail PASSED [ 18%]
tests/test_api_contract.py::TestAPIRegistryStructure::test_registry_loads PASSED [ 18%]
tests/test_api_contract.py::TestAPIRegistryStructure::test_registry_has_entries PASSED [ 18%]
tests/test_api_contract.py::TestAPIRegistryStructure::test_registry_version PASSED [ 18%]
tests/test_api_contract.py::TestAPIRegistryStructure::test_stability_levels_defined PASSED [ 18%]
tests/test_api_contract.py::TestAPIRegistryStructure::test_api_entry_structure PASSED [ 18%]
tests/test_api_contract.py::TestStableAPIsExist::test_top_level_metrics_exports PASSED [ 18%]
tests/test_api_contract.py::TestStableAPIsExist::test_top_level_apex_exports PASSED [ 18%]
tests/test_api_contract.py::TestStableAPIsExist::test_top_level_eye_exports PASSED [ 18%]
tests/test_api_contract.py::TestStableAPIsExist::test_top_level_genius_exports PASSED [ 18%]
tests/test_api_contract.py::TestStableAPIsExist::test_top_level_trinity_exports PASSED [ 18%]
tests/test_api_contract.py::TestStableAPIsExist::test_top_level_red_patterns_exports PASSED [ 18%]
tests/test_api_contract.py::TestDeprecatedAPIsWarn::test_sentinel_alias_deprecated PASSED [ 18%]
tests/test_api_contract.py::TestDeprecatedAPIsWarn::test_accountant_alias_deprecated PASSED [ 19%]
tests/test_api_contract.py::TestDeprecatedAPIsWarn::test_legacy_wrappers_exist PASSED [ 19%]
tests/test_api_contract.py::TestModuleLevelAPIs::test_system_module_imports PASSED [ 19%]
tests/test_api_contract.py::TestModuleLevelAPIs::test_system_api_registry_imports PASSED [ 19%]
tests/test_api_contract.py::TestModuleLevelAPIs::test_enforcement_metrics_imports PASSED [ 19%]
tests/test_api_contract.py::TestModuleLevelAPIs::test_governance_fag_imports PASSED [ 19%]
tests/test_api_contract.py::TestModuleLevelAPIs::test_waw_well_imports PASSED [ 19%]
tests/test_api_contract.py::TestBackwardCompatShims::test_old_pipeline_path_works PASSED [ 19%]
tests/test_api_contract.py::TestBackwardCompatShims::test_old_apex_prime_path_works PASSED [ 19%]
tests/test_api_contract.py::TestBackwardCompatShims::test_old_metrics_path_works PASSED [ 19%]
tests/test_api_contract.py::TestBackwardCompatShims::test_old_genius_metrics_path_works PASSED [ 19%]
tests/test_api_contract.py::TestBackwardCompatShims::test_old_fag_path_works PASSED [ 19%]
tests/test_api_contract.py::TestAPIRegistryValidation::test_get_stable_exports PASSED [ 19%]
tests/test_api_contract.py::TestAPIRegistryValidation::test_get_deprecated_exports PASSED [ 19%]
tests/test_api_contract.py::TestAPIRegistryValidation::test_check_module_stability PASSED [ 19%]
tests/test_api_contract.py::TestVerdictEnumStable::test_verdict_is_enum PASSED [ 19%]
tests/test_api_contract.py::TestVerdictEnumStable::test_verdict_seal_exists PASSED [ 19%]
tests/test_api_contract.py::TestVerdictEnumStable::test_verdict_sabar_exists PASSED [ 19%]
tests/test_api_contract.py::TestVerdictEnumStable::test_verdict_void_exists PASSED [ 19%]
tests/test_api_contract.py::TestVerdictEnumStable::test_verdict_partial_exists PASSED [ 19%]
tests/test_api_contract.py::TestVerdictEnumStable::test_verdict_hold_888_exists PASSED [ 19%]
tests/test_api_contract.py::TestVerdictEnumStable::test_verdict_from_string PASSED [ 19%]
tests/test_api_contract.py::TestApexVerdictDataclass::test_apex_verdict_is_dataclass PASSED [ 19%]
tests/test_api_contract.py::TestApexVerdictDataclass::test_apex_verdict_has_verdict_field PASSED [ 19%]
tests/test_api_contract.py::TestApexVerdictDataclass::test_apex_verdict_has_pulse_field PASSED [ 19%]
tests/test_api_contract.py::TestApexVerdictDataclass::test_apex_verdict_has_reason_field PASSED [ 19%]
tests/test_api_contract.py::TestApexVerdictDataclass::test_apex_verdict_str PASSED [ 20%]
tests/test_api_contract.py::TestApexVerdictDataclass::test_apex_verdict_is_approved PASSED [ 20%]
tests/test_api_contract.py::TestApexVerdictDataclass::test_apex_verdict_is_blocked PASSED [ 20%]
tests/test_api_contract.py::TestMCPAPIsBeta::test_mcp_server_importable PASSED [ 20%]
tests/test_api_contract.py::TestMCPAPIsBeta::test_mcp_tools_importable PASSED [ 20%]
tests/test_api_contract.py::TestMCPAPIsBeta::test_mcp_models_importable PASSED [ 20%]
tests/test_api_contract.py::TestConstitutionalConstants::test_truth_threshold PASSED [ 20%]
tests/test_api_contract.py::TestConstitutionalConstants::test_genius_thresholds PASSED [ 20%]
tests/test_api_contract.py::TestConstitutionalConstants::test_omega_bounds PASSED [ 20%]
tests/test_api_contract.py::TestNoBreakingChanges::test_basic_apex_review_flow PASSED [ 20%]
tests/test_api_contract.py::TestNoBreakingChanges::test_apex_verdict_convenience_shim PASSED [ 20%]
tests/test_api_contract.py::TestNoBreakingChanges::test_basic_agi_scan_flow PASSED [ 20%]
tests/test_api_contract.py::TestNoBreakingChanges::test_basic_asi_assess_flow PASSED [ 20%]
tests/test_caged_llm_harness.py::TestCagedLLMHarnessBasic::test_cage_llm_response_runs_without_error PASSED [ 20%]
tests/test_caged_llm_harness.py::TestCagedLLMHarnessBasic::test_cage_llm_response_returns_verdict PASSED [ 20%]
tests/test_caged_llm_harness.py::TestCagedLLMHarnessBasic::test_cage_llm_response_has_job_id PASSED [ 20%]
tests/test_caged_llm_harness.py::TestCagedLLMHarnessBasic::test_cage_llm_response_custom_job_id PASSED [ 20%]
tests/test_caged_llm_harness.py::TestCagedLLMHarnessBasic::test_cage_llm_response_has_stage_trace PASSED [ 20%]
tests/test_caged_llm_harness.py::TestCagedLLMHarnessBasic::test_cage_llm_response_preserves_raw_response PASSED [ 20%]
tests/test_caged_llm_harness.py::TestCagedLLMMetrics::test_cage_llm_response_has_metrics PASSED [ 20%]
tests/test_caged_llm_harness.py::TestCagedLLMMetrics::test_compute_metrics_from_response_basic PASSED [ 20%]
tests/test_caged_llm_harness.py::TestCagedLLMMetrics::test_compute_metrics_short_response PASSED [ 20%]
tests/test_caged_llm_harness.py::TestCagedLLMMetrics::test_compute_metrics_empathy_bonus PASSED [ 20%]
tests/test_caged_llm_harness.py::TestCagedLLMWAW::test_waw_verdict_present_when_enabled PASSED [ 20%]
tests/test_caged_llm_harness.py::TestCagedLLMWAW::test_waw_verdict_absent_when_disabled PASSED [ 20%]
tests/test_caged_llm_harness.py::TestCagedLLMWAW::test_waw_verdict_has_expected_structure PASSED [ 20%]
tests/test_caged_llm_harness.py::TestCagedLLMAntiHantu::test_anti_hantu_violation_detected_in_metrics PASSED [ 21%]
tests/test_caged_llm_harness.py::TestCagedLLMAntiHantu::test_safe_response_passes_anti_hantu PASSED [ 21%]
tests/test_caged_llm_harness.py::TestCagedLLMHighStakes::test_high_stakes_flag_affects_routing PASSED [ 21%]
tests/test_caged_llm_harness.py::TestStubCallModel::test_stub_call_model_returns_string PASSED [ 21%]
tests/test_caged_llm_harness.py::TestStubCallModel::test_stub_call_model_echoes_query PASSED [ 21%]
tests/test_caged_llm_harness.py::TestStubCallModel::test_cage_with_default_stub PASSED [ 21%]
tests/test_caged_llm_harness.py::TestCagedResultHelpers::test_is_sealed_true_for_seal_verdict PASSED [ 21%]
tests/test_caged_llm_harness.py::TestCagedResultHelpers::test_is_blocked_true_for_void_verdict PASSED [ 21%]
tests/test_caged_llm_harness.py::TestCagedResultHelpers::test_summary_returns_string PASSED [ 21%]
tests/test_caged_llm_harness.py::TestCagedLLMMalay::test_malay_response_processed PASSED [ 21%]
tests/test_caged_llm_harness.py::TestCagedLLMSystemPrompt::test_system_prompt_passed_to_model PASSED [ 21%]
tests/test_caged_llm_harness.py::TestPhase2LedgerIntegrity::test_honest_run_writes_ledger_and_verifies_pass PASSED [ 21%]
tests/test_caged_llm_harness.py::TestPhase2LedgerIntegrity::test_tamper_file_fails_verify_and_detects PASSED [ 21%]
tests/test_caged_llm_harness.py::TestPhase2LedgerIntegrity::test_adversarial_prompt_cannot_force_pass_without_rebuild PASSED [ 21%]
tests/test_canon_drift_guard.py::TestRuntimeLawFilesExist::test_000_canon_exists PASSED [ 21%]
tests/test_canon_drift_guard.py::TestRuntimeLawFilesExist::test_020_anti_hantu_exists PASSED [ 21%]
tests/test_canon_drift_guard.py::TestRuntimeLawFilesExist::test_030_eye_sentinel_exists PASSED [ 21%]
tests/test_canon_drift_guard.py::TestRuntimeLawFilesExist::test_880_metabolic_canon_exists PASSED [ 21%]
tests/test_canon_drift_guard.py::TestRuntimeLawFilesExist::test_888_apex_prime_canon_exists PASSED [ 21%]
tests/test_canon_drift_guard.py::TestRuntimeLawFilesExist::test_99_vault999_exists PASSED [ 21%]
tests/test_canon_drift_guard.py::TestConstitutionalFloorsJsonMatchesMetrics::test_truth_threshold_matches PASSED [ 21%]
tests/test_canon_drift_guard.py::TestConstitutionalFloorsJsonMatchesMetrics::test_delta_s_threshold_matches PASSED [ 21%]
tests/test_canon_drift_guard.py::TestConstitutionalFloorsJsonMatchesMetrics::test_peace_squared_threshold_matches PASSED [ 21%]
tests/test_canon_drift_guard.py::TestConstitutionalFloorsJsonMatchesMetrics::test_kappa_r_threshold_matches PASSED [ 21%]
tests/test_canon_drift_guard.py::TestConstitutionalFloorsJsonMatchesMetrics::test_omega_0_band_matches PASSED [ 21%]
tests/test_canon_drift_guard.py::TestConstitutionalFloorsJsonMatchesMetrics::test_tri_witness_threshold_matches PASSED [ 22%]
tests/test_canon_drift_guard.py::TestConstitutionalFloorsJsonMatchesMetrics::test_psi_threshold_matches PASSED [ 22%]
tests/test_canon_drift_guard.py::TestFloorCategoriesMatchCanon::test_hard_floors_list PASSED [ 22%]
tests/test_canon_drift_guard.py::TestFloorCategoriesMatchCanon::test_soft_floors_list PASSED [ 22%]
tests/test_canon_drift_guard.py::TestFloorCategoriesMatchCanon::test_meta_floors_list PASSED [ 22%]
tests/test_canon_drift_guard.py::TestFloorCheckFunctions::test_check_truth_at_threshold PASSED [ 22%]
tests/test_canon_drift_guard.py::TestFloorCheckFunctions::test_check_delta_s_at_threshold PASSED [ 22%]
tests/test_canon_drift_guard.py::TestFloorCheckFunctions::test_check_peace_squared_at_threshold PASSED [ 22%]
tests/test_canon_drift_guard.py::TestFloorCheckFunctions::test_check_kappa_r_at_threshold PASSED [ 22%]
tests/test_canon_drift_guard.py::TestFloorCheckFunctions::test_check_omega_band_boundaries PASSED [ 22%]
tests/test_canon_drift_guard.py::TestFloorCheckFunctions::test_check_tri_witness_at_threshold PASSED [ 22%]
tests/test_canon_drift_guard.py::TestFloorCheckFunctions::test_check_psi_at_threshold PASSED [ 22%]
tests/test_canon_drift_guard.py::TestAntiHantuPatterns::test_clean_text_passes PASSED [ 22%]
tests/test_canon_drift_guard.py::TestAntiHantuPatterns::test_forbidden_pattern_detected PASSED [ 22%]
tests/test_canon_drift_guard.py::TestAntiHantuPatterns::test_multiple_violations_detected PASSED [ 22%]
tests/test_canon_drift_guard.py::TestAntiHantuPatterns::test_case_insensitive PASSED [ 22%]
tests/test_canon_drift_guard.py::TestAntiHantuPatterns::test_forbidden_patterns_list_not_empty PASSED [ 22%]
tests/test_canon_drift_guard.py::TestAntiHantuFloorType::test_anti_hantu_is_meta_type PASSED [ 22%]
tests/test_canon_drift_guard.py::TestAntiHantuFloorType::test_anti_hantu_failure_action_is_void PASSED [ 22%]
tests/test_canon_drift_guard.py::TestAntiHantuFloorType::test_anti_hantu_enforced_by_eye PASSED [ 22%]
tests/test_codex_ledger.py::test_log_codex_cli_entry_writes_codex_metadata PASSED [ 22%]
tests/test_codex_ledger.py::test_log_codex_cli_entry_preserves_hash_chain PASSED [ 22%]
tests/test_cooling_ledger.py::test_cooling_ledger_append_and_read_recent PASSED [ 22%]
tests/test_cooling_ledger_integrity.py::test_ledger_chain_links_via_prev_hash PASSED [ 22%]
tests/test_cooling_ledger_integrity.py::test_ledger_first_entry_has_null_prev_hash PASSED [ 22%]
tests/test_cooling_ledger_integrity.py::test_ledger_detects_content_tampering PASSED [ 22%]
tests/test_cooling_ledger_integrity.py::test_ledger_detects_hash_tampering PASSED [ 23%]
tests/test_cooling_ledger_integrity.py::test_ledger_rejects_broken_prev_hash_link PASSED [ 23%]
tests/test_cooling_ledger_integrity.py::test_ledger_handles_single_entry_chain PASSED [ 23%]
tests/test_cooling_ledger_integrity.py::test_ledger_handles_empty_file PASSED [ 23%]
tests/test_cooling_ledger_integrity.py::test_ledger_rejects_nonexistent_file PASSED [ 23%]
tests/test_cooling_ledger_integrity.py::test_ledger_handles_malformed_json PASSED [ 23%]
tests/test_cooling_ledger_integrity.py::test_ledger_verifies_long_chain PASSED [ 23%]
tests/test_cooling_ledger_integrity.py::test_ledger_detects_tampering_in_middle_of_long_chain PASSED [ 23%]
tests/test_cooling_ledger_integrity.py::test_ledger_uses_sha3_256 PASSED [ 23%]
tests/test_cooling_ledger_integrity.py::test_ledger_hash_is_deterministic PASSED [ 23%]
tests/test_cooling_ledger_integrity.py::test_ledger_append_creates_parent_directory PASSED [ 23%]
tests/test_cooling_ledger_integrity.py::test_ledger_append_preserves_existing_entries PASSED [ 23%]
tests/test_cooling_ledger_integrity_mocked.py::test_ledger_with_mocked_kms_signing PASSED [ 23%]
tests/test_cooling_ledger_integrity_mocked.py::test_ledger_detects_invalid_signature PASSED [ 23%]
tests/test_cooling_ledger_integrity_mocked.py::test_ledger_with_mocked_tri_witness PASSED [ 23%]
tests/test_cooling_ledger_integrity_mocked.py::test_ledger_tri_witness_detects_tampering PASSED [ 23%]
tests/test_cooling_ledger_integrity_mocked.py::test_ledger_with_both_kms_and_tri_witness PASSED [ 23%]
tests/test_cooling_ledger_integrity_mocked.py::test_with_patched_append PASSED [ 23%]
tests/test_cooling_ledger_integrity_mocked.py::test_tri_witness_with_varying_counts[1] PASSED [ 23%]
tests/test_cooling_ledger_integrity_mocked.py::test_tri_witness_with_varying_counts[3] PASSED [ 23%]
tests/test_cooling_ledger_integrity_mocked.py::test_tri_witness_with_varying_counts[5] PASSED [ 23%]
tests/test_cooling_ledger_integrity_mocked.py::test_tri_witness_with_varying_counts[7] PASSED [ 23%]
tests/test_cooling_ledger_integrity_mocked.py::test_ledger_performance_with_mocked_crypto PASSED [ 23%]
tests/test_cooling_ledger_kms_integration.py::test_ledger_appends_kms_signature_when_signer_present PASSED [ 23%]
tests/test_cooling_ledger_kms_integration.py::test_ledger_tampering_after_sign_should_fail[payload] PASSED [ 23%]
tests/test_cooling_ledger_kms_integration.py::test_ledger_tampering_after_sign_should_fail[event] PASSED [ 23%]
tests/test_cooling_ledger_schema_compliance.py::test_log_cooling_entry_includes_iso_timestamp_and_new_fields PASSED [ 24%]
tests/test_cooling_ledger_schema_compliance.py::test_log_cooling_entry_marks_f9_failure PASSED [ 24%]
tests/test_cooling_ledger_schema_compliance.py::test_cooling_ledger_iter_recent_handles_iso_timestamps PASSED [ 24%]
tests/test_cooling_phoenix_v38_alignment.py::TestV38CoolingPhoenixSpecFile::test_v38_spec_exists PASSED [ 24%]
tests/test_cooling_phoenix_v38_alignment.py::TestV38CoolingPhoenixSpecFile::test_v38_spec_is_valid_json PASSED [ 24%]
tests/test_cooling_phoenix_v38_alignment.py::TestV38CoolingPhoenixSpecFile::test_v38_spec_metadata PASSED [ 24%]
tests/test_cooling_phoenix_v38_alignment.py::TestV38CoolingPhoenixSpecFile::test_v38_spec_has_cooling_ledger PASSED [ 24%]
tests/test_cooling_phoenix_v38_alignment.py::TestV38CoolingPhoenixSpecFile::test_v38_spec_has_phoenix72 PASSED [ 24%]
tests/test_cooling_phoenix_v38_alignment.py::TestVerdictBandRouting::test_spec_has_verdict_band_routing PASSED [ 24%]
tests/test_cooling_phoenix_v38_alignment.py::TestVerdictBandRouting::test_seal_routing_matches PASSED [ 24%]
tests/test_cooling_phoenix_v38_alignment.py::TestVerdictBandRouting::test_sabar_routing_matches PASSED [ 24%]
tests/test_cooling_phoenix_v38_alignment.py::TestVerdictBandRouting::test_partial_routing_matches PASSED [ 24%]
tests/test_cooling_phoenix_v38_alignment.py::TestVerdictBandRouting::test_void_routing_matches PASSED [ 24%]
tests/test_cooling_phoenix_v38_alignment.py::TestVerdictBandRouting::test_888_hold_routing_matches PASSED [ 24%]
tests/test_cooling_phoenix_v38_alignment.py::TestRetentionConstants::test_spec_has_retention_constants PASSED [ 24%]
tests/test_cooling_phoenix_v38_alignment.py::TestRetentionConstants::test_hot_days_matches PASSED [ 24%]
tests/test_cooling_phoenix_v38_alignment.py::TestRetentionConstants::test_warm_days_matches PASSED [ 24%]
tests/test_cooling_phoenix_v38_alignment.py::TestRetentionConstants::test_cold_days_matches PASSED [ 24%]
tests/test_cooling_phoenix_v38_alignment.py::TestRetentionConstants::test_void_days_matches PASSED [ 24%]
tests/test_cooling_phoenix_v38_alignment.py::TestScarLifecycle::test_spec_has_scar_lifecycle PASSED [ 24%]
tests/test_cooling_phoenix_v38_alignment.py::TestScarLifecycle::test_scar_kinds_match PASSED [ 24%]
tests/test_cooling_phoenix_v38_alignment.py::TestScarLifecycle::test_scar_statuses_match PASSED [ 24%]
tests/test_cooling_phoenix_v38_alignment.py::TestScarLifecycle::test_severity_weights_match PASSED [ 24%]
tests/test_cooling_phoenix_v38_alignment.py::TestScarLifecycle::test_s1_weight PASSED [ 24%]
tests/test_cooling_phoenix_v38_alignment.py::TestScarLifecycle::test_s2_weight PASSED [ 24%]
tests/test_cooling_phoenix_v38_alignment.py::TestScarLifecycle::test_s3_weight PASSED [ 24%]
tests/test_cooling_phoenix_v38_alignment.py::TestScarLifecycle::test_s4_weight PASSED [ 25%]
tests/test_cooling_phoenix_v38_alignment.py::TestPhoenix72Spec::test_phoenix_cooling_window PASSED [ 25%]
tests/test_cooling_phoenix_v38_alignment.py::TestPhoenix72Spec::test_phoenix_phases PASSED [ 25%]
tests/test_cooling_phoenix_v38_alignment.py::TestPhoenix72Spec::test_phoenix_amendment_schema_fields PASSED [ 25%]
tests/test_cooling_phoenix_v38_alignment.py::TestInvariants::test_spec_has_invariants PASSED [ 25%]
tests/test_cooling_phoenix_v38_alignment.py::TestInvariants::test_inv1_void_never_canonical PASSED [ 25%]
tests/test_cooling_phoenix_v38_alignment.py::TestInvariants::test_inv2_authority_boundary PASSED [ 25%]
tests/test_cooling_phoenix_v38_alignment.py::TestInvariants::test_inv3_evidence_chain PASSED [ 25%]
tests/test_cooling_phoenix_v38_alignment.py::TestInvariants::test_inv4_recall_ceiling PASSED [ 25%]
tests/test_cooling_phoenix_v38_alignment.py::TestCanonFile::test_canon_file_exists PASSED [ 25%]
tests/test_cooling_phoenix_v38_alignment.py::TestCanonFile::test_canon_has_cooling_ledger_section PASSED [ 25%]
tests/test_cooling_phoenix_v38_alignment.py::TestCanonFile::test_canon_has_phoenix_section PASSED [ 25%]
tests/test_cooling_phoenix_v38_alignment.py::TestCanonFile::test_canon_has_scar_lifecycle PASSED [ 25%]
tests/test_cooling_phoenix_v38_alignment.py::TestCanonFile::test_canon_has_verdict_routing PASSED [ 25%]
tests/test_cooling_phoenix_v38_alignment.py::TestCanonFile::test_canon_has_v38_version PASSED [ 25%]
tests/test_cooling_phoenix_v38_alignment.py::TestIntegration::test_spec_has_integration PASSED [ 25%]
tests/test_cooling_phoenix_v38_alignment.py::TestIntegration::test_pipeline_stages_documented PASSED [ 25%]
tests/test_cooling_phoenix_v38_alignment.py::TestIntegration::test_integration_flow PASSED [ 25%]
tests/test_dream_forge.py::TestCrucibleClassification::test_anomaly_classification PASSED [ 25%]
tests/test_dream_forge.py::TestCrucibleClassification::test_anomaly_secret_extraction PASSED [ 25%]
tests/test_dream_forge.py::TestCrucibleClassification::test_anomaly_system_manipulation PASSED [ 25%]
tests/test_dream_forge.py::TestCrucibleClassification::test_paradox_classification PASSED [ 25%]
tests/test_dream_forge.py::TestCrucibleClassification::test_paradox_forget_request PASSED [ 25%]
tests/test_dream_forge.py::TestCrucibleClassification::test_paradox_cancel_that PASSED [ 25%]
tests/test_dream_forge.py::TestCrucibleClassification::test_fact_classification PASSED [ 25%]
tests/test_dream_forge.py::TestCrucibleClassification::test_fact_how_question PASSED [ 25%]
tests/test_dream_forge.py::TestCrucibleClassification::test_noise_classification PASSED [ 26%]
tests/test_dream_forge.py::TestCrucibleClassification::test_noise_simple_statement PASSED [ 26%]
tests/test_dream_forge.py::TestCrucibleClassification::test_anomaly_takes_priority_over_paradox PASSED [ 26%]
tests/test_dream_forge.py::TestCrucibleClassification::test_anomaly_takes_priority_over_fact PASSED [ 26%]
tests/test_dream_forge.py::TestCrucibleBatchClassify::test_batch_classify_returns_correct_count PASSED [ 26%]
tests/test_dream_forge.py::TestCrucibleBatchClassify::test_batch_classify_preserves_order PASSED [ 26%]
tests/test_dream_forge.py::TestCrucibleBatchClassify::test_batch_classify_matches_individual PASSED [ 26%]
tests/test_dream_forge.py::TestCrucibleWithLLM::test_crucible_accepts_llm_engine PASSED [ 26%]
tests/test_dream_forge.py::TestCrucibleWithLLM::test_crucible_works_without_llm PASSED [ 26%]
tests/test_dream_forge.py::TestAnvilForgeVariations::test_forge_variations_count_default PASSED [ 26%]
tests/test_dream_forge.py::TestAnvilForgeVariations::test_forge_variations_count_custom PASSED [ 26%]
tests/test_dream_forge.py::TestAnvilForgeVariations::test_forge_variations_contains_base_text PASSED [ 26%]
tests/test_dream_forge.py::TestAnvilForgeVariations::test_forge_variations_simulation_prefix PASSED [ 26%]
tests/test_dream_forge.py::TestAnvilForgeVariations::test_forge_variations_empty_ore_handled PASSED [ 26%]
tests/test_dream_forge.py::TestAnvilStrikeValidation::test_strike_validation_returns_dict_per_variant PASSED [ 26%]
tests/test_dream_forge.py::TestAnvilStrikeValidation::test_strike_validation_mock_pipeline_propagates_verdict PASSED [ 26%]
tests/test_dream_forge.py::TestAnvilStrikeValidation::test_strike_validation_mock_pipeline_propagates_peace2 PASSED [ 26%]
tests/test_dream_forge.py::TestAnvilStrikeValidation::test_strike_validation_null_pipeline_returns_seal PASSED [ 26%]
tests/test_dream_forge.py::TestAnvilStrikeValidation::test_strike_validation_handles_pipeline_error PASSED [ 26%]
tests/test_dream_forge.py::TestAnvilQuenchSuccessful::test_quench_successful_filters_seal_only PASSED [ 26%]
tests/test_dream_forge.py::TestAnvilQuenchSuccessful::test_quench_successful_empty_when_no_seals PASSED [ 26%]
tests/test_dream_forge.py::TestAnvilQuenchSuccessful::test_quench_successful_all_when_all_seals PASSED [ 26%]
tests/test_dream_forge.py::TestAnvilIntegration::test_full_forge_strike_quench_workflow PASSED [ 26%]
tests/test_dream_forge.py::TestOreTypeEnum::test_oretype_values PASSED   [ 26%]
tests/test_dream_forge.py::TestOreTypeEnum::test_oretype_fact PASSED     [ 26%]
tests/test_dream_forge.py::TestOreTypeEnum::test_oretype_paradox PASSED  [ 27%]
tests/test_dream_forge.py::TestOreTypeEnum::test_oretype_anomaly PASSED  [ 27%]
tests/test_dream_forge.py::TestOreTypeEnum::test_oretype_noise PASSED    [ 27%]
tests/test_engines_arif_adam.py::TestEngineImports::test_import_agi_engine PASSED [ 27%]
tests/test_engines_arif_adam.py::TestEngineImports::test_import_asi_engine PASSED [ 27%]
tests/test_engines_arif_adam.py::TestEngineImports::test_import_apex_engine PASSED [ 27%]
tests/test_engines_arif_adam.py::TestEngineImports::test_import_all_engines PASSED [ 27%]
tests/test_engines_arif_adam.py::TestAGIEngine::test_sense_basic PASSED  [ 27%]
tests/test_engines_arif_adam.py::TestAGIEngine::test_sense_detects_high_stakes PASSED [ 27%]
tests/test_engines_arif_adam.py::TestAGIEngine::test_reason_produces_draft PASSED [ 27%]
tests/test_engines_arif_adam.py::TestAGIEngine::test_reason_with_llm PASSED [ 27%]
tests/test_engines_arif_adam.py::TestAGIEngine::test_reason_delta_s_positive PASSED [ 27%]
tests/test_engines_arif_adam.py::TestAGIEngine::test_align_detects_missing_facts PASSED [ 27%]
tests/test_engines_arif_adam.py::TestAGIEngine::test_align_clean_response PASSED [ 27%]
tests/test_engines_arif_adam.py::TestAGIEngine::test_run_full_pipeline PASSED [ 27%]
tests/test_engines_arif_adam.py::TestASIEngine::test_empathize_basic PASSED [ 27%]
tests/test_engines_arif_adam.py::TestASIEngine::test_empathize_peace_squared_baseline PASSED [ 27%]
tests/test_engines_arif_adam.py::TestASIEngine::test_empathize_detects_blame_language PASSED [ 27%]
tests/test_engines_arif_adam.py::TestASIEngine::test_empathize_kappa_r_baseline PASSED [ 27%]
tests/test_engines_arif_adam.py::TestASIEngine::test_empathize_omega_0_in_band PASSED [ 27%]
tests/test_engines_arif_adam.py::TestASIEngine::test_empathize_anti_hantu_violation PASSED [ 27%]
tests/test_engines_arif_adam.py::TestASIEngine::test_bridge_detects_physical_actions PASSED [ 27%]
tests/test_engines_arif_adam.py::TestASIEngine::test_run_full_pipeline PASSED [ 27%]
tests/test_engines_arif_adam.py::TestApexEngine::test_judge_seal_on_good_metrics PASSED [ 27%]
tests/test_engines_arif_adam.py::TestApexEngine::test_judge_void_on_truth_failure PASSED [ 27%]
tests/test_engines_arif_adam.py::TestApexEngine::test_judge_void_on_negative_delta_s PASSED [ 27%]
tests/test_engines_arif_adam.py::TestApexEngine::test_judge_void_on_omega_outside_band PASSED [ 28%]
tests/test_engines_arif_adam.py::TestApexEngine::test_judge_partial_on_soft_floor_failure PASSED [ 28%]
tests/test_engines_arif_adam.py::TestApexEngine::test_judge_sabar_on_eye_blocking PASSED [ 28%]
tests/test_engines_arif_adam.py::TestApexEngine::test_judge_applies_arif_penalty PASSED [ 28%]
tests/test_engines_arif_adam.py::TestApexEngine::test_judge_applies_adam_penalty PASSED [ 28%]
tests/test_engines_arif_adam.py::TestApexEngine::test_quick_verdict PASSED [ 28%]
tests/test_engines_arif_adam.py::TestEngineIntegration::test_full_aaa_flow_seal PASSED [ 28%]
tests/test_engines_arif_adam.py::TestEngineIntegration::test_full_aaa_flow_detects_issues PASSED [ 28%]
tests/test_engines_arif_adam.py::TestEngineIntegration::test_engine_packets_serializable PASSED [ 28%]
tests/test_epoch_comparison.py::TestEpochComparison::test_epoch_evaluation[v35-factual_001] PASSED [ 28%]
tests/test_epoch_comparison.py::TestEpochComparison::test_epoch_evaluation[v35-factual_002] PASSED [ 28%]
tests/test_epoch_comparison.py::TestEpochComparison::test_epoch_evaluation[v35-factual_003] PASSED [ 28%]
tests/test_epoch_comparison.py::TestEpochComparison::test_epoch_evaluation[v35-code_001] PASSED [ 28%]
tests/test_epoch_comparison.py::TestEpochComparison::test_epoch_evaluation[v35-code_002] PASSED [ 28%]
tests/test_epoch_comparison.py::TestEpochComparison::test_epoch_evaluation[v35-highstakes_001] PASSED [ 28%]
tests/test_epoch_comparison.py::TestEpochComparison::test_epoch_evaluation[v35-highstakes_002] PASSED [ 28%]
tests/test_epoch_comparison.py::TestEpochComparison::test_epoch_evaluation[v35-antihantu_001] PASSED [ 28%]
tests/test_epoch_comparison.py::TestEpochComparison::test_epoch_evaluation[v35-antihantu_002] PASSED [ 28%]
tests/test_epoch_comparison.py::TestEpochComparison::test_epoch_evaluation[v35-amanah_001] PASSED [ 28%]
tests/test_epoch_comparison.py::TestEpochComparison::test_epoch_evaluation[v35-amanah_002] PASSED [ 28%]
tests/test_epoch_comparison.py::TestEpochComparison::test_epoch_evaluation[v35-paradox_001] PASSED [ 28%]
tests/test_epoch_comparison.py::TestEpochComparison::test_epoch_evaluation[v35-shadow_001] PASSED [ 28%]
tests/test_epoch_comparison.py::TestEpochComparison::test_epoch_evaluation[v37-factual_001] PASSED [ 28%]
tests/test_epoch_comparison.py::TestEpochComparison::test_epoch_evaluation[v37-factual_002] PASSED [ 28%]
tests/test_epoch_comparison.py::TestEpochComparison::test_epoch_evaluation[v37-factual_003] PASSED [ 28%]
tests/test_epoch_comparison.py::TestEpochComparison::test_epoch_evaluation[v37-code_001] PASSED [ 28%]
tests/test_epoch_comparison.py::TestEpochComparison::test_epoch_evaluation[v37-code_002] PASSED [ 29%]
tests/test_epoch_comparison.py::TestEpochComparison::test_epoch_evaluation[v37-highstakes_001] PASSED [ 29%]
[...]
tests/unit/test_mcp_server.py::TestRunToolDispatcher::test_run_tool_with_recall PASSED [ 98%]
tests/unit/test_mcp_server.py::TestRunToolDispatcher::test_run_tool_with_audit PASSED [ 98%]
tests/unit/test_mcp_server.py::TestRunToolDispatcher::test_run_tool_unknown_tool_raises PASSED [ 98%]
tests/unit/test_mcp_server.py::TestMCPServerClass::test_mcp_server_import PASSED [ 98%]
tests/unit/test_mcp_server.py::TestMCPServerClass::test_mcp_server_instantiation PASSED [ 98%]
tests/unit/test_mcp_server.py::TestMCPServerClass::test_mcp_server_has_name PASSED [ 98%]
tests/unit/test_mcp_server.py::TestMCPServerClass::test_mcp_server_has_version PASSED [ 98%]
tests/unit/test_mcp_server.py::TestMCPServerClass::test_mcp_server_list_tools PASSED [ 98%]
tests/unit/test_mcp_server.py::TestMCPServerClass::test_mcp_server_call_tool PASSED [ 98%]
tests/unit/test_mcp_server.py::TestMCPServerClass::test_mcp_server_get_info PASSED [ 98%]
tests/unit/test_mcp_server.py::TestToolDescriptions::test_get_tool_descriptions_import PASSED [ 98%]
tests/unit/test_mcp_server.py::TestToolDescriptions::test_tool_descriptions_have_required_fields PASSED [ 98%]
tests/unit/test_mcp_server.py::TestToolDescriptions::test_tool_descriptions_have_json_schema PASSED [ 98%]
tests/unit/test_memory_band_router_unit.py::TestBasicRouting::test_seal_routes_to_ledger_and_active PASSED [ 98%]
tests/unit/test_memory_band_router_unit.py::TestBasicRouting::test_sabar_routes_to_pending_and_ledger PASSED [ 98%]
tests/unit/test_memory_band_router_unit.py::TestBasicRouting::test_partial_routes_to_phoenix_and_ledger PASSED [ 98%]
tests/unit/test_memory_band_router_unit.py::TestBasicRouting::test_void_routes_only_to_void PASSED [ 98%]
tests/unit/test_memory_band_router_unit.py::TestBasicRouting::test_hold_routes_to_ledger PASSED [ 98%]
tests/unit/test_memory_band_router_unit.py::TestBasicRouting::test_sunset_routes_to_phoenix PASSED [ 99%]
tests/unit/test_memory_band_router_unit.py::TestBasicRouting::test_route_write_returns_dict_of_write_results PASSED [ 99%]
tests/unit/test_memory_band_router_unit.py::TestBasicRouting::test_target_band_override PASSED [ 99%]
tests/unit/test_memory_band_router_unit.py::TestBasicRouting::test_metadata_passed_through PASSED [ 99%]
tests/unit/test_memory_band_router_unit.py::TestBasicRouting::test_verdict_case_insensitive PASSED [ 99%]
tests/unit/test_memory_band_router_unit.py::TestEntropyRot::test_sabar_older_than_24h_becomes_partial PASSED [ 99%]
tests/unit/test_memory_band_router_unit.py::TestEntropyRot::test_partial_older_than_72h_becomes_void PASSED [ 99%]
tests/unit/test_memory_band_router_unit.py::TestEntropyRot::test_fresh_sabar_not_rotted PASSED [ 99%]
tests/unit/test_memory_band_router_unit.py::TestEntropyRot::test_fresh_partial_not_rotted PASSED [ 99%]
tests/unit/test_memory_band_router_unit.py::TestEntropyRot::test_seal_never_rots PASSED [ 99%]
tests/unit/test_memory_band_router_unit.py::TestEntropyRot::test_void_never_rots PASSED [ 99%]
tests/unit/test_memory_band_router_unit.py::TestSunsetRevocation::test_sunset_moves_entry_from_ledger_to_phoenix PASSED [ 99%]
tests/unit/test_memory_band_router_unit.py::TestSunsetRevocation::test_sunset_preserves_evidence_chain PASSED [ 99%]
tests/unit/test_memory_band_router_unit.py::TestSunsetRevocation::test_sunset_entry_not_found PASSED [ 99%]
tests/unit/test_memory_band_router_unit.py::TestSunsetRevocation::test_sunset_creates_phoenix_metadata PASSED [ 99%]
tests/unit/test_memory_band_router_unit.py::TestSunsetRevocation::test_sunset_logs_to_routing_log PASSED [ 99%]
tests/unit/test_memory_band_router_unit.py::TestEdgeCases::test_unknown_verdict_uses_default_routing PASSED [ 99%]
tests/unit/test_memory_band_router_unit.py::TestEdgeCases::test_unknown_band_returns_error PASSED [ 99%]
tests/unit/test_memory_band_router_unit.py::TestEdgeCases::test_empty_content_handled PASSED [ 99%]
tests/unit/test_memory_band_router_unit.py::TestEdgeCases::test_none_evidence_hash_handled PASSED [ 99%]
tests/unit/test_memory_band_router_unit.py::TestEdgeCases::test_none_metadata_handled PASSED [ 99%]
tests/unit/test_memory_band_router_unit.py::TestRoutingLog::test_routing_creates_log_entry PASSED [ 99%]
tests/unit/test_memory_band_router_unit.py::TestRoutingLog::test_get_routing_log_returns_list PASSED [ 99%]
tests/unit/test_memory_band_router_unit.py::TestRoutingLog::test_log_tracks_success_and_failure PASSED [ 99%]
tests/unit/test_memory_band_router_unit.py::TestBandAccess::test_get_band_returns_correct_instance PASSED [ 99%]
tests/unit/test_memory_band_router_unit.py::TestBandAccess::test_query_band_filters_correctly PASSED [100%]

=================================== ERRORS ====================================
_____ ERROR at setup of TestScarIntegration.test_no_scars_for_safe_query ______
tests\test_pipeline_routing.py:77: in scar_index
    seed_scars(index)
arifos_core\memory\scars.py:374: in seed_scars
    index.store(scar)
arifos_core\memory\scars.py:183: in store
    self._save()
arifos_core\memory\scars.py:164: in _save
    with path.open("w", encoding="utf-8") as f:
         ^^^^^^^^^^^^^^^^^^^^^^^^^^^^^^^^
..\..\..\..\AppData\Local\Programs\Python\Python314\Lib\pathlib\__init__.py:776: in open
    return io.open(self, mode, buffering, encoding, errors, newline)
           ^^^^^^^^^^^^^^^^^^^^^^^^^^^^^^^^^^^^^^^^^^^^^^^^^^^^^^^^^
E   PermissionError: [Errno 13] Permission denied: 'runtime\\vault_999\\scars.jsonl'
================================== FAILURES ===================================
________________________ test_session_has_empty_steps _________________________
tests\test_mcp_honesty_v41.py:62: in test_session_has_empty_steps
    server = module.create_v0_strict_server()
             ^^^^^^^^^^^^^^^^^^^^^^^^^^^^^^
E   AttributeError: module 'arifos_mcp_entry' has no attribute 'create_v0_strict_server'
______________________ test_module_uses_serialize_public ______________________
tests\test_mcp_honesty_v41.py:86: in test_module_uses_serialize_public
    assert "from arifos_core.contracts.apex_prime_output_v41 import serialize_public" in source, \
E   AssertionError: Must import serialize_public
E   assert 'from arifos_core.contracts.apex_prime_output_v41 import serialize_public' in '#!/usr/bin/env python3\n"""\narifOS MCP Entry Point\n\nConstitutional stdio transport for IDE integration.\nLaunches the MCP server with all 15 tools (5 legacy + 10 constitutional pipeline).\n\nUsage:\n    python arifos_mcp_entry.py\n\nConstitutional Compliance:\n- F1 (Amanah): Clean session lifecycle with graceful shutdown\n- F5 (Peace^2): Non-destructive termination on KeyboardInterrupt\n- F9 (Anti-Hantu): Deterministic, mechanical governance\n\nDITEMPA BUKAN DIBERI - Forged, not given.\n"""\n\nimport asyncio\nimport sys\nfrom pathlib import Path\n\n# Add arifos_core to path\nrepo_root = Path(__file__).parent\nsys.path.insert(0, str(repo_root))\n\nfrom arifos_core.mcp.server import mcp_server\n\n\nasync def main() -> None:\n    """Main entry point for arifOS MCP server."""\n    print("[arifOS MCP] Initializing constitutional governance pipeline...", file=sys.stderr)\n    print("[arifOS MCP] 15 tools ready: 5 legacy + 10 constitutional (000->999)", file=sys.stderr)\n    print("[arifOS MCP] All tools enforce the 9 Constitutional Floors (F1-F9)", file=sys.stderr)\n    print("[arifOS MCP] DITEMPA BUKAN DIBERI - The server is forged.\\n", file=sys.stderr)\n\n    try:\n        await mcp_server.run_stdio()\n    except KeyboardInterrupt:\n        # F5 (Peace^2): Graceful shutdown\n        print("\\n[arifOS MCP] Received shutdown signal. Closing session...", file=sys.stderr)\n        print("[arifOS MCP] Session sealed. All audit trails preserved.", file=sys.stderr)\n    except Exception as e:\n        # F1 (Amanah): Audit all failures\n        print(f"\\n[arifOS MCP] ERROR: {e}", file=sys.stderr)\n        import traceback\n        traceback.print_exc(file=sys.stderr)\n        sys.exit(1)\n\n\nif __name__ == "__main__":\n    asyncio.run(main())\n'
____________________________ test_dev_mode_removed ____________________________
tests\test_mcp_honesty_v41.py:108: in test_dev_mode_removed
    assert hasattr(module, "create_v0_strict_server"), \
E   AssertionError: v0-strict server function must exist
E   assert False
E    +  where False = hasattr(<module 'arifos_mcp_entry' from 'C:\\Users\\User\\OneDrive\\Documents\\GitHub\\arifOS\\scripts\\arifos_mcp_entry.py'>, 'create_v0_strict_server')
_____________________ test_session_construction_directly ______________________
tests\test_mcp_honesty_v41.py:139: in test_session_construction_directly
    server = module.create_v0_strict_server()
             ^^^^^^^^^^^^^^^^^^^^^^^^^^^^^^
E   AttributeError: module 'arifos_mcp_entry' has no attribute 'create_v0_strict_server'
___________ TestF2CodeHonestSession.test_direct_semantic_governance ___________
tests\test_mcp_v0_strict.py:91: in test_direct_semantic_governance
    server = module.create_v0_strict_server()
             ^^^^^^^^^^^^^^^^^^^^^^^^^^^^^^
E   AttributeError: module 'arifos_mcp_entry' has no attribute 'create_v0_strict_server'
_____________ TestF2CodeHonestSession.test_red_patterns_detected ______________
tests\test_mcp_v0_strict.py:110: in test_red_patterns_detected
    server = module.create_v0_strict_server()
             ^^^^^^^^^^^^^^^^^^^^^^^^^^^^^^
E   AttributeError: module 'arifos_mcp_entry' has no attribute 'create_v0_strict_server'
_________ TestF2CodeHonestSession.test_semantic_governance_is_honest __________
tests\test_mcp_v0_strict.py:129: in test_semantic_governance_is_honest
    assert hasattr(module, "check_red_patterns"), \
E   AssertionError: Module should import check_red_patterns
E   assert False
E    +  where False = hasattr(<module 'arifos_mcp_entry' from 'C:\\Users\\User\\OneDrive\\Documents\\GitHub\\arifOS\\scripts\\arifos_mcp_entry.py'>, 'check_red_patterns')
___ TestF3CodeContractCompliance.test_response_has_apex_prime_contract_keys ___
tests\test_mcp_v0_strict.py:153: in test_response_has_apex_prime_contract_keys
    server = module.create_v0_strict_server()
             ^^^^^^^^^^^^^^^^^^^^^^^^^^^^^^
E   AttributeError: module 'arifos_mcp_entry' has no attribute 'create_v0_strict_server'
_____________ TestF3CodeContractCompliance.test_verdict_is_valid ______________
tests\test_mcp_v0_strict.py:176: in test_verdict_is_valid
    server = module.create_v0_strict_server()
             ^^^^^^^^^^^^^^^^^^^^^^^^^^^^^^
E   AttributeError: module 'arifos_mcp_entry' has no attribute 'create_v0_strict_server'
______________ TestF7CodeHumility.test_apex_pulse_in_valid_range ______________
tests\test_mcp_v0_strict.py:204: in test_apex_pulse_in_valid_range
    server = module.create_v0_strict_server()
             ^^^^^^^^^^^^^^^^^^^^^^^^^^^^^^
E   AttributeError: module 'arifos_mcp_entry' has no attribute 'create_v0_strict_server'
_____________ TestF7CodeHumility.test_error_handling_is_graceful ______________
tests\test_mcp_v0_strict.py:222: in test_error_handling_is_graceful
    server = module.create_v0_strict_server()
             ^^^^^^^^^^^^^^^^^^^^^^^^^^^^^^
E   AttributeError: module 'arifos_mcp_entry' has no attribute 'create_v0_strict_server'
_______________ TestF9CodeMinimalSurface.test_single_tool_only ________________
tests\test_mcp_v0_strict.py:260: in test_single_tool_only
    server = module.create_v0_strict_server()
             ^^^^^^^^^^^^^^^^^^^^^^^^^^^^^^
E   AttributeError: module 'arifos_mcp_entry' has no attribute 'create_v0_strict_server'
__________ TestF9CodeMinimalSurface.test_only_evaluate_tool_exposed ___________
tests\test_mcp_v0_strict.py:274: in test_only_evaluate_tool_exposed
    server = module.create_v0_strict_server()
             ^^^^^^^^^^^^^^^^^^^^^^^^^^^^^^
E   AttributeError: module 'arifos_mcp_entry' has no attribute 'create_v0_strict_server'
____________ TestIntegration.test_mcp_to_kernel_bridge_integration ____________
tests\test_mcp_v0_strict.py:300: in test_mcp_to_kernel_bridge_integration
    server = module.create_v0_strict_server()
             ^^^^^^^^^^^^^^^^^^^^^^^^^^^^^^
E   AttributeError: module 'arifos_mcp_entry' has no attribute 'create_v0_strict_server'
__________________ TestModuleImports.test_mcp_entry_imports ___________________
tests\test_mcp_v0_strict.py:335: in test_mcp_entry_imports
    assert hasattr(module, "create_v0_strict_server"), \
E   AssertionError: create_v0_strict_server must exist
E   assert False
E    +  where False = hasattr(<module 'arifos_mcp_entry' from 'C:\\Users\\User\\OneDrive\\Documents\\GitHub\\arifOS\\scripts\\arifos_mcp_entry.py'>, 'create_v0_strict_server')
______________ TestModuleImports.test_v0_strict_server_creation _______________
tests\test_mcp_v0_strict.py:351: in test_v0_strict_server_creation
    server = module.create_v0_strict_server()
             ^^^^^^^^^^^^^^^^^^^^^^^^^^^^^^
E   AttributeError: module 'arifos_mcp_entry' has no attribute 'create_v0_strict_server'
============================== warnings summary ===============================
arifos_core\evidence\evidence_pack.py:52
  c:\Users\User\OneDrive\Documents\GitHub\arifOS\arifos_core\evidence\evidence_pack.py:52: PydanticDeprecatedSince20: Pydantic V1 style `@validator` validators are deprecated. You should migrate to Pydantic V2 style `@field_validator` validators, see the migration guide for more details. Deprecated in Pydantic V2.0 to be removed in V3.0. See Pydantic V2 Migration Guide at https://errors.pydantic.dev/2.12/migration/
    @validator("query_hash")

arifos_core\evidence\evidence_pack.py:58
  c:\Users\User\OneDrive\Documents\GitHub\arifOS\arifos_core\evidence\evidence_pack.py:58: PydanticDeprecatedSince20: Pydantic V1 style `@validator` validators are deprecated. You should migrate to Pydantic V2 style `@field_validator` validators, see the migration guide for more details. Deprecated in Pydantic V2.0 to be removed in V3.0. See Pydantic V2 Migration Guide at https://errors.pydantic.dev/2.12/migration/
    @validator("hash_chain_provenance", each_item=True)

arifos_core\evidence\evidence_pack.py:64
  c:\Users\User\OneDrive\Documents\GitHub\arifOS\arifos_core\evidence\evidence_pack.py:64: PydanticDeprecatedSince20: Pydantic V1 style `@validator` validators are deprecated. You should migrate to Pydantic V2 style `@field_validator` validators, see the migration guide for more details. Deprecated in Pydantic V2.0 to be removed in V3.0. See Pydantic V2 Migration Guide at https://errors.pydantic.dev/2.12/migration/
    @validator("source_uris")

..\..\..\..\AppData\Local\Programs\Python\Python314\Lib\site-packages\litellm\litellm_core_utils\logging_utils.py:273: 17 warnings
  C:\Users\User\AppData\Local\Programs\Python\Python314\Lib\site-packages\litellm\litellm_core_utils\logging_utils.py:273: DeprecationWarning: 'asyncio.iscoroutinefunction' is deprecated and slated for removal in Python 3.16; use inspect.iscoroutinefunction() instead
    if asyncio.iscoroutinefunction(func):

tests\test_apex_genius_verdicts.py:28
  C:\Users\User\OneDrive\Documents\GitHub\arifOS\tests\test_apex_genius_verdicts.py:28: DeprecationWarning: Importing from arifos_core.genius_metrics is deprecated. Use arifos_core.enforcement.genius_metrics instead. This shim will be removed in a future major release.
    from arifos_core.genius_metrics import (

tests/governance/test_proof_of_governance.py::test_no_semantic_leak_into_receipt
  C:\Users\User\OneDrive\Documents\GitHub\arifOS\tests\governance\test_proof_of_governance.py:152: PydanticDeprecatedSince20: The `dict` method is deprecated; use `model_dump` instead. Deprecated in Pydantic V2.0 to be removed in V3.0. See Pydantic V2 Migration Guide at https://errors.pydantic.dev/2.12/migration/
    data = json.dumps(receipt.dict()) # Pydantic dict

tests/test_fag.py::TestFAGLedgerIntegration::test_ledger_enabled_by_default
tests/test_mcp_fag_integration.py::TestMCPFAGTool::test_ledger_integration_via_mcp
  c:\Users\User\OneDrive\Documents\GitHub\arifOS\arifos_core\governance\ledger.py:26: DeprecationWarning: datetime.datetime.utcnow() is deprecated and scheduled for removal in a future version. Use timezone-aware objects to represent datetimes in UTC: datetime.datetime.now(datetime.UTC).
    "timestamp": datetime.datetime.utcnow().isoformat() + "Z",

tests/test_federation_router.py: 29 warnings
  c:\Users\User\OneDrive\Documents\GitHub\arifOS\arifos_core\connectors\federation_router.py:287: DeprecationWarning: datetime.datetime.utcnow() is deprecated and scheduled for removal in a future version. Use timezone-aware objects to represent datetimes in UTC: datetime.datetime.now(datetime.UTC).
    timestamp=datetime.utcnow().isoformat(),

tests/test_memory_stack_v37.py: 8 warnings
tests/test_pipeline_routing.py: 2 warnings
  C:\Users\User\AppData\Local\Programs\Python\Python314\Lib\site-packages\numpy\linalg\_linalg.py:2792: RuntimeWarning: overflow encountered in dot
    sqnorm = x.dot(x)

tests/unit/test_api_app.py::TestAppCreation::test_create_app_returns_fastapi_instance
  c:\Users\User\OneDrive\Documents\GitHub\arifOS\arifos_core\api\models_federation.py:29: PydanticDeprecatedSince20: Support for class-based `config` is deprecated, use ConfigDict instead. Deprecated in Pydantic V2.0 to be removed in V3.0. See Pydantic V2 Migration Guide at https://errors.pydantic.dev/2.12/migration/
    class FederationRouteRequest(BaseModel):

tests/unit/test_api_app.py::TestAppCreation::test_create_app_returns_fastapi_instance
  c:\Users\User\OneDrive\Documents\GitHub\arifOS\arifos_core\api\models_federation.py:89: PydanticDeprecatedSince20: Support for class-based `config` is deprecated, use ConfigDict instead. Deprecated in Pydantic V2.0 to be removed in V3.0. See Pydantic V2 Migration Guide at https://errors.pydantic.dev/2.12/migration/
    class FederationRouteResponse(BaseModel):

tests/unit/test_api_app.py::TestAppCreation::test_create_app_returns_fastapi_instance
  c:\Users\User\OneDrive\Documents\GitHub\arifOS\arifos_core\api\models_federation.py:161: PydanticDeprecatedSince20: Support for class-based `config` is deprecated, use ConfigDict instead. Deprecated in Pydantic V2.0 to be removed in V3.0. See Pydantic V2 Migration Guide at https://errors.pydantic.dev/2.12/migration/
    class FederationStatusResponse(BaseModel):

-- Docs: https://docs.pytest.org/en/stable/how-to/capture-warnings.html
=========================== short test summary info ===========================
FAILED tests/test_mcp_honesty_v41.py::test_session_has_empty_steps - Attribut...
FAILED tests/test_mcp_honesty_v41.py::test_module_uses_serialize_public - Ass...
FAILED tests/test_mcp_honesty_v41.py::test_dev_mode_removed - AssertionError:...
FAILED tests/test_mcp_honesty_v41.py::test_session_construction_directly - At...
FAILED tests/test_mcp_v0_strict.py::TestF2CodeHonestSession::test_direct_semantic_governance
FAILED tests/test_mcp_v0_strict.py::TestF2CodeHonestSession::test_red_patterns_detected
FAILED tests/test_mcp_v0_strict.py::TestF2CodeHonestSession::test_semantic_governance_is_honest
FAILED tests/test_mcp_v0_strict.py::TestF3CodeContractCompliance::test_response_has_apex_prime_contract_keys
FAILED tests/test_mcp_v0_strict.py::TestF3CodeContractCompliance::test_verdict_is_valid
FAILED tests/test_mcp_v0_strict.py::TestF7CodeHumility::test_apex_pulse_in_valid_range
FAILED tests/test_mcp_v0_strict.py::TestF7CodeHumility::test_error_handling_is_graceful
FAILED tests/test_mcp_v0_strict.py::TestF9CodeMinimalSurface::test_single_tool_only
FAILED tests/test_mcp_v0_strict.py::TestF9CodeMinimalSurface::test_only_evaluate_tool_exposed
FAILED tests/test_mcp_v0_strict.py::TestIntegration::test_mcp_to_kernel_bridge_integration
FAILED tests/test_mcp_v0_strict.py::TestModuleImports::test_mcp_entry_imports
FAILED tests/test_mcp_v0_strict.py::TestModuleImports::test_v0_strict_server_creation
ERROR tests/test_pipeline_routing.py::TestScarIntegration::test_no_scars_for_safe_query
===== 16 failed, 2550 passed, 14 skipped, 66 warnings, 1 error in 22.11s ======
