============================= test session starts =============================
platform win32 -- Python 3.14.0, pytest-9.0.2, pluggy-1.6.0
rootdir: C:\Users\User\OneDrive\Documents\GitHub\arifOS
configfile: pyproject.toml
plugins: anyio-4.12.0
collected 0 items / 1 error

=================================== ERRORS ====================================
_______________ ERROR collecting tests/test_pipeline_routing.py _______________
ImportError while importing test module 'C:\Users\User\OneDrive\Documents\GitHub\arifOS\tests\test_pipeline_routing.py'.
Hint: make sure your test modules/packages have valid Python names.
Traceback:
..\..\..\..\AppData\Local\Programs\Python\Python314\Lib\importlib\__init__.py:88: in import_module
    return _bootstrap._gcd_import(name[level:], package, level)
           ^^^^^^^^^^^^^^^^^^^^^^^^^^^^^^^^^^^^^^^^^^^^^^^^^^^^
tests\test_pipeline_routing.py:11: in <module>
    from arifos_core.system.pipeline import (
arifos_core\system\pipeline.py:89: in <module>
    from ..runtime.bootstrap import ensure_bootstrap, get_bootstrap_payload
E   ModuleNotFoundError: No module named 'arifos_core.runtime'
=========================== short test summary info ===========================
ERROR tests/test_pipeline_routing.py
!!!!!!!!!!!!!!!!!!! Interrupted: 1 error during collection !!!!!!!!!!!!!!!!!!!!
============================== 1 error in 1.65s ===============================
