============================= test session starts =============================
platform win32 -- Python 3.14.0, pytest-9.0.2, pluggy-1.6.0 -- C:\Users\User\OneDrive\Documents\GitHub\arifOS\.venv\Scripts\python.exe
cachedir: .pytest_cache
rootdir: C:\Users\User\OneDrive\Documents\GitHub\arifOS
configfile: pyproject.toml
plugins: anyio-4.12.0, cov-7.0.0
collecting ... collected 1 item

tests/test_mcp_888_direct.py::test_mcp_888_judge_integration FAILED      [100%]

================================== FAILURES ===================================
_______________________ test_mcp_888_judge_integration ________________________
async def functions are not natively supported.
You need to install a suitable plugin for your async framework, for example:
  - anyio
  - pytest-asyncio
  - pytest-tornasync
  - pytest-trio
  - pytest-twisted
============================== warnings summary ===============================
arifos_core\apex\governance\fag.py:83
  C:\Users\User\OneDrive\Documents\GitHub\arifOS\arifos_core\apex\governance\fag.py:83: DeprecationWarning: arifos_core.apex.governance.ledger is deprecated. Use arifos_core.state.ledger instead. This shim will be removed in v47.2 (72 hours after v47.1).
    from .ledger import log_cooling_entry

tests\test_mcp_888_direct.py:10
  C:\Users\User\OneDrive\Documents\GitHub\arifOS\tests\test_mcp_888_direct.py:10: PytestUnknownMarkWarning: Unknown pytest.mark.asyncio - is this a typo?  You can register custom marks to avoid this warning - for details, see https://docs.pytest.org/en/stable/how-to/mark.html
    @pytest.mark.asyncio

-- Docs: https://docs.pytest.org/en/stable/how-to/capture-warnings.html
=========================== short test summary info ===========================
FAILED tests/test_mcp_888_direct.py::test_mcp_888_judge_integration - Failed:...
======================== 1 failed, 2 warnings in 6.12s ========================
