============================= test session starts =============================
platform win32 -- Python 3.13.3, pytest-9.0.2, pluggy-1.6.0 -- C:\Users\User\arifOS\.venv\Scripts\python.exe
cachedir: C:\Users\User\AppData\Local\Temp\pytest_cache
rootdir: C:\Users\User\arifOS
configfile: pyproject.toml
plugins: anyio-4.12.1, asyncio-1.3.0, cov-7.0.0
asyncio: mode=Mode.AUTO, debug=False, asyncio_default_fixture_loop_scope=None, asyncio_default_test_loop_scope=function
collecting ... collected 0 items / 1 error

=================================== ERRORS ====================================
_____________ ERROR collecting tests/aclip_cai/test_mcp_bridge.py _____________
tests\aclip_cai\test_mcp_bridge.py:11: in <module>
    from aclip_cai.mcp_bridge import (
aclip_cai\mcp_bridge.py:32: in <module>
    from aaa_mcp.server import mcp
aaa_mcp\__init__.py:11: in <module>
    from .core.constitutional_decorator import constitutional_floor, get_tool_floors
aaa_mcp\core\__init__.py:7: in <module>
    from .constitutional_decorator import constitutional_floor, get_tool_floors
aaa_mcp\core\constitutional_decorator.py:6: in <module>
    from core.kernel.constitutional_decorator import FLOOR_ENFORCEMENT, get_tool_floors
core\__init__.py:26: in <module>
    from . import organs
core\organs\__init__.py:24: in <module>
    from . import _2_asi as heart
core\organs\_2_asi.py:13: in <module>
    from core.shared.sbert_floors import classify_asi_floors
core\shared\sbert_floors.py:22: in <module>
    from sentence_transformers import SentenceTransformer
.venv\Lib\site-packages\sentence_transformers\__init__.py:10: in <module>
    from sentence_transformers.backend import (
.venv\Lib\site-packages\sentence_transformers\backend\__init__.py:3: in <module>
    from .load import load_onnx_model, load_openvino_model
.venv\Lib\site-packages\sentence_transformers\backend\load.py:7: in <module>
    from transformers.configuration_utils import PretrainedConfig
.venv\Lib\site-packages\transformers\__init__.py:30: in <module>
    from . import dependency_versions_check
.venv\Lib\site-packages\transformers\dependency_versions_check.py:56: in <module>
    require_version_core(deps[pkg])
.venv\Lib\site-packages\transformers\utils\versions.py:116: in require_version_core
    return require_version(requirement, hint)
           ^^^^^^^^^^^^^^^^^^^^^^^^^^^^^^^^^^
.venv\Lib\site-packages\transformers\utils\versions.py:110: in require_version
    _compare_versions(op, got_ver, want_ver, requirement, pkg, hint)
.venv\Lib\site-packages\transformers\utils\versions.py:38: in _compare_versions
    raise ValueError(
E   ValueError: Unable to compare versions for numpy>=1.17: need=1.17 found=None. This is unusual. Consider reinstalling numpy.
============================== warnings summary ===============================
..\AppData\Local\Programs\Python\Python313\Lib\importlib\metadata\__init__.py:486
  C:\Users\User\AppData\Local\Programs\Python\Python313\Lib\importlib\metadata\__init__.py:486: DeprecationWarning: Implicit None on return values is deprecated and will raise KeyErrors.
    return self.metadata['Version']

-- Docs: https://docs.pytest.org/en/stable/how-to/capture-warnings.html
=========================== short test summary info ===========================
ERROR tests/aclip_cai/test_mcp_bridge.py - ValueError: Unable to compare vers...
!!!!!!!!!!!!!!!!!!! Interrupted: 1 error during collection !!!!!!!!!!!!!!!!!!!!
======================== 1 warning, 1 error in 12.86s =========================
